2025-12-24 15:20:44,110 - __main__ - INFO - 开始运行手写数字识别系统...
2025-12-24 15:20:44,110 - __main__ - INFO - 尝试加载 MNIST 简化版数据...
2025-12-24 15:20:44,115 - __main__ - INFO - 成功加载数据，样本数: 1797, 特征维度: 64
2025-12-24 15:20:44,117 - __main__ - INFO - 开始 One-vs-All 训练，λ=0.1...
2025-12-24 15:20:44,128 - __main__ - INFO - 分类器 0 训练完成
2025-12-24 15:20:44,145 - __main__ - INFO - 分类器 1 训练完成
2025-12-24 15:20:44,154 - __main__ - INFO - 分类器 2 训练完成
2025-12-24 15:20:44,166 - __main__ - INFO - 分类器 3 训练完成
2025-12-24 15:20:44,175 - __main__ - INFO - 分类器 4 训练完成
2025-12-24 15:20:44,186 - __main__ - INFO - 分类器 5 训练完成
2025-12-24 15:20:44,195 - __main__ - INFO - 分类器 6 训练完成
2025-12-24 15:20:44,207 - __main__ - INFO - 分类器 7 训练完成
2025-12-24 15:20:44,217 - __main__ - INFO - 分类器 8 训练完成
2025-12-24 15:20:44,229 - __main__ - INFO - 分类器 9 训练完成
2025-12-24 15:20:44,229 - __main__ - INFO - One-vs-All 训练结束。
2025-12-24 15:20:44,563 - __main__ - INFO - 权重可视化保存至: digit_recognition_data/plots/weights_vis.png
2025-12-24 15:20:44,565 - __main__ - INFO - 最终测试集准确率: 0.9611
2025-12-24 15:20:44,653 - __main__ - INFO - 混淆矩阵保存至: digit_recognition_data/plots/confusion_matrix.png
2025-12-24 15:20:44,656 - __main__ - INFO - 
分类报告:
              precision    recall  f1-score   support

           0       1.00      0.97      0.99        36
           1       0.94      0.86      0.90        36
           2       0.95      1.00      0.97        35
           3       0.97      0.97      0.97        37
           4       0.95      1.00      0.97        36
           5       1.00      1.00      1.00        37
           6       1.00      0.97      0.99        36
           7       0.95      0.97      0.96        36
           8       0.87      0.94      0.90        35
           9       1.00      0.92      0.96        36

    accuracy                           0.96       360
   macro avg       0.96      0.96      0.96       360
weighted avg       0.96      0.96      0.96       360

2025-12-24 15:20:44,656 - __main__ - INFO - 手写数字识别系统运行完成。
2025-12-24 15:25:11,967 - __main__ - INFO - 开始运行手写数字识别系统...
2025-12-24 15:25:11,968 - __main__ - INFO - 尝试加载 MNIST 简化版数据...
2025-12-24 15:25:11,972 - __main__ - INFO - 成功加载数据，样本数: 1797, 特征维度: 64
2025-12-24 15:25:11,974 - __main__ - INFO - 开始 One-vs-All 训练，λ=0.1...
2025-12-24 15:25:11,982 - __main__ - INFO - 分类器 0 训练完成
2025-12-24 15:25:11,997 - __main__ - INFO - 分类器 1 训练完成
2025-12-24 15:25:12,006 - __main__ - INFO - 分类器 2 训练完成
2025-12-24 15:25:12,017 - __main__ - INFO - 分类器 3 训练完成
2025-12-24 15:25:12,026 - __main__ - INFO - 分类器 4 训练完成
2025-12-24 15:25:12,036 - __main__ - INFO - 分类器 5 训练完成
2025-12-24 15:25:12,045 - __main__ - INFO - 分类器 6 训练完成
2025-12-24 15:25:12,057 - __main__ - INFO - 分类器 7 训练完成
2025-12-24 15:25:12,067 - __main__ - INFO - 分类器 8 训练完成
2025-12-24 15:25:12,079 - __main__ - INFO - 分类器 9 训练完成
2025-12-24 15:25:12,080 - __main__ - INFO - One-vs-All 训练结束。
2025-12-24 15:25:12,393 - __main__ - INFO - 权重可视化保存至: digit_recognition_data/plots/weights_vis.png
2025-12-24 15:25:12,394 - __main__ - INFO - 最终测试集准确率: 0.9611
2025-12-24 15:25:12,488 - __main__ - INFO - 混淆矩阵保存至: digit_recognition_data/plots/confusion_matrix.png
2025-12-24 15:25:12,798 - __main__ - INFO - 误分类样本可视化保存至: digit_recognition_data/plots/misclassified.png
2025-12-24 15:25:12,798 - __main__ - INFO - 开始绘制学习曲线...
2025-12-24 15:25:12,799 - __main__ - INFO - 开始 One-vs-All 训练，λ=0.1...
2025-12-24 15:25:12,801 - __main__ - INFO - 分类器 0 训练完成
2025-12-24 15:25:12,803 - __main__ - INFO - 分类器 1 训练完成
2025-12-24 15:25:12,804 - __main__ - INFO - 分类器 2 训练完成
2025-12-24 15:25:12,806 - __main__ - INFO - 分类器 3 训练完成
2025-12-24 15:25:12,808 - __main__ - INFO - 分类器 4 训练完成
2025-12-24 15:25:12,809 - __main__ - INFO - 分类器 5 训练完成
2025-12-24 15:25:12,811 - __main__ - INFO - 分类器 6 训练完成
2025-12-24 15:25:12,812 - __main__ - INFO - 分类器 7 训练完成
2025-12-24 15:25:12,814 - __main__ - INFO - 分类器 8 训练完成
2025-12-24 15:25:12,816 - __main__ - INFO - 分类器 9 训练完成
2025-12-24 15:25:12,816 - __main__ - INFO - One-vs-All 训练结束。
2025-12-24 15:25:12,819 - __main__ - INFO - 开始 One-vs-All 训练，λ=0.1...
2025-12-24 15:25:12,823 - __main__ - INFO - 分类器 0 训练完成
2025-12-24 15:25:12,828 - __main__ - INFO - 分类器 1 训练完成
2025-12-24 15:25:12,831 - __main__ - INFO - 分类器 2 训练完成
2025-12-24 15:25:12,836 - __main__ - INFO - 分类器 3 训练完成
2025-12-24 15:25:12,840 - __main__ - INFO - 分类器 4 训练完成
2025-12-24 15:25:12,844 - __main__ - INFO - 分类器 5 训练完成
2025-12-24 15:25:12,849 - __main__ - INFO - 分类器 6 训练完成
2025-12-24 15:25:12,854 - __main__ - INFO - 分类器 7 训练完成
2025-12-24 15:25:12,862 - __main__ - INFO - 分类器 8 训练完成
2025-12-24 15:25:12,867 - __main__ - INFO - 分类器 9 训练完成
2025-12-24 15:25:12,867 - __main__ - INFO - One-vs-All 训练结束。
2025-12-24 15:25:12,869 - __main__ - INFO - 开始 One-vs-All 训练，λ=0.1...
2025-12-24 15:25:12,876 - __main__ - INFO - 分类器 0 训练完成
2025-12-24 15:25:12,884 - __main__ - INFO - 分类器 1 训练完成
2025-12-24 15:25:12,890 - __main__ - INFO - 分类器 2 训练完成
2025-12-24 15:25:12,899 - __main__ - INFO - 分类器 3 训练完成
2025-12-24 15:25:12,905 - __main__ - INFO - 分类器 4 训练完成
2025-12-24 15:25:12,913 - __main__ - INFO - 分类器 5 训练完成
2025-12-24 15:25:12,922 - __main__ - INFO - 分类器 6 训练完成
2025-12-24 15:25:12,930 - __main__ - INFO - 分类器 7 训练完成
2025-12-24 15:25:12,941 - __main__ - INFO - 分类器 8 训练完成
2025-12-24 15:25:12,949 - __main__ - INFO - 分类器 9 训练完成
2025-12-24 15:25:12,949 - __main__ - INFO - One-vs-All 训练结束。
2025-12-24 15:25:12,951 - __main__ - INFO - 开始 One-vs-All 训练，λ=0.1...
2025-12-24 15:25:12,957 - __main__ - INFO - 分类器 0 训练完成
2025-12-24 15:25:12,968 - __main__ - INFO - 分类器 1 训练完成
2025-12-24 15:25:12,977 - __main__ - INFO - 分类器 2 训练完成
2025-12-24 15:25:12,990 - __main__ - INFO - 分类器 3 训练完成
2025-12-24 15:25:13,000 - __main__ - INFO - 分类器 4 训练完成
2025-12-24 15:25:13,009 - __main__ - INFO - 分类器 5 训练完成
2025-12-24 15:25:13,019 - __main__ - INFO - 分类器 6 训练完成
2025-12-24 15:25:13,029 - __main__ - INFO - 分类器 7 训练完成
2025-12-24 15:25:13,040 - __main__ - INFO - 分类器 8 训练完成
2025-12-24 15:25:13,053 - __main__ - INFO - 分类器 9 训练完成
2025-12-24 15:25:13,053 - __main__ - INFO - One-vs-All 训练结束。
2025-12-24 15:25:13,055 - __main__ - INFO - 开始 One-vs-All 训练，λ=0.1...
2025-12-24 15:25:13,064 - __main__ - INFO - 分类器 0 训练完成
2025-12-24 15:25:13,082 - __main__ - INFO - 分类器 1 训练完成
2025-12-24 15:25:13,091 - __main__ - INFO - 分类器 2 训练完成
2025-12-24 15:25:13,101 - __main__ - INFO - 分类器 3 训练完成
2025-12-24 15:25:13,111 - __main__ - INFO - 分类器 4 训练完成
2025-12-24 15:25:13,120 - __main__ - INFO - 分类器 5 训练完成
2025-12-24 15:25:13,129 - __main__ - INFO - 分类器 6 训练完成
2025-12-24 15:25:13,141 - __main__ - INFO - 分类器 7 训练完成
2025-12-24 15:25:13,151 - __main__ - INFO - 分类器 8 训练完成
2025-12-24 15:25:13,163 - __main__ - INFO - 分类器 9 训练完成
2025-12-24 15:25:13,163 - __main__ - INFO - One-vs-All 训练结束。
2025-12-24 15:25:13,211 - __main__ - INFO - 学习曲线保存至: digit_recognition_data/plots/learning_curve.png
2025-12-24 15:25:13,214 - __main__ - INFO - 
分类报告:
              precision    recall  f1-score   support

           0       1.00      0.97      0.99        36
           1       0.94      0.86      0.90        36
           2       0.95      1.00      0.97        35
           3       0.97      0.97      0.97        37
           4       0.95      1.00      0.97        36
           5       1.00      1.00      1.00        37
           6       1.00      0.97      0.99        36
           7       0.95      0.97      0.96        36
           8       0.87      0.94      0.90        35
           9       1.00      0.92      0.96        36

    accuracy                           0.96       360
   macro avg       0.96      0.96      0.96       360
weighted avg       0.96      0.96      0.96       360

2025-12-24 15:25:13,214 - __main__ - INFO - 手写数字识别系统运行完成。
