2025-11-08 15:57:19,583 - __main__ - INFO - 开始运行城市二手房房价预测系统
2025-11-08 15:57:19,583 - __main__ - INFO - 房价预测器初始化完成
2025-11-08 15:57:19,588 - __main__ - INFO - 成功加载数据，样本数量: 653
2025-11-08 15:57:19,588 - __main__ - INFO - 开始数据预处理...
2025-11-08 15:57:19,590 - __main__ - INFO - 模拟设置了 13 个缺失值
2025-11-08 15:57:19,591 - __main__ - ERROR - 程序运行出错: Cannot convert ['185.5' '120.3' '298.8' '205.2' '98.7' '275.6' '156.9' '342.1' '172.3'
 '130.5' '248.2' '149.8' '385.4' '218.7' '92.4' '289.3' '180.2' '163.5'
 '312.6' '88.6' '256.9' '176.4' '143.8' '328.7' '125.9' '282.4' '198.5'
 '152.7' '301.8' '95.3' '239.6' '184.2' '118.7' '365.2' '212.8' '160.1'
 '318.5' '90.6' '270.3' '188.7' '147.2' '336.9' '128.4' '286.7' '203.6'
 '155.9' '307.2' '89.2' '251.4' '179.8' '114.5' '378.5' '219.3' '164.3'
 '332.6' '122.8' '278.1' '195.8' '149.5' '314.3' '87.9' '244.8' '182.5'
 '119.8' '359.7' '209.4' '154.2' '309.6' '93.1' '236.5' '174.6' '141.3'
 '324.5' '124.3' '280.2' '197.1' '150.9' '298.7' '94.6' '248.3' '185.9'
 '116.9' '369.8' '214.5' '161.7' '316.2' '91.8' '268.5' '190.3' '145.7'
 '334.8' '127.1' '284.9' '201.3' '153.4' '305.1' '88.5' '242.7' '181.2'
 '115.6' '382.4' '221.1' '165.8' '335.7' '123.9' '276.8' '194.2' '151.3'
 '312.9' '89.7' '246.5' '183.7' '118.3' '362.1' '207.9' '152.3' '307.8'
 '92.8' '234.2' '173.1' '142.5' '322.9' '125.1' '278.6' '195.3' '149.8'
 '296.4' '95.8' '247.9' '184.8' '117.4' '371.5' '213.4' '160.8' '315.7'
 '90.2' '267.8' '187.4' '146.1' '332.4' '126.3' '283.5' '200.1' '152.9'
 '303.6' '87.9' '241.2' '178.5' '114.1' '376.8' '217.6' '163.2' '330.5'
 '121.7' '274.9' '192.6' '148.2' '310.4' '88.6' '245.3' '181.9' '117.9'
 '357.3' '206.5' '150.5' '304.9' '91.4' '237.9' '175.3' '143.2' '321.8'
 '123.5' '276.3' '196.7' '148.6' '294.8' '93.9' '247.1' '183.5' '115.8'
 '367.9' '211.7' '158.4' '313.1' '89.8' '265.9' '186.1' '144.9' '330.1'
 '125.5' '281.7' '198.9' '151.6' '301.2' '88.1' '239.1' '177.8' '113.7'
 '380.2' '220.3' '164.7' '328.1' '122.3' '272.5' '191.1' '146.8' '308.6'
 '89.2' '243.7' '180.5' '116.5' '354.8' '204.1' '149.1' '302.3' '90.1'
 '232.7' '172.4' '141.1' '319.3' '122.7' '274.1' '193.9' '147.9' '293.2'
 '94.2' '245.8' '182.1' '114.9' '368.4' '210.2' '157.1' '311.4' '90.9'
 '266.4' '185.5' '144.3' '327.6' '125.9' '280.3' '197.5' '150.3' '300.4'
 '87.5' '237.6' '176.2' '112.3' '374.5' '215.9' '162.1' '325.9' '120.1'
 '270.7' '190.8' '145.2' '306.1' '88.9' '242.2' '179.1' '117.1' '352.4'
 '202.7' '147.5' '300.8' '91.8' '235.4' '171.8' '140.7' '317.7' '121.3'
 '272.9' '192.3' '146.4' '291.6' '92.5' '244.3' '181.3' '113.5' '365.8'
 '208.5' '155.6' '309.9' '89.4' '264.5' '184.0' '143.4' '325.4' '124.1'
 '278.9' '195.9' '149.1' '298.9' '87.2' '238.2' '175.0' '111.9' '378.9'
 '218.8' '163.6' '323.3' '119.5' '269.1' '189.3' '144.7' '304.5' '88.5'
 '240.8' '177.4' '115.7' '350.0' '201.3' '146.0' '299.2' '89.7' '233.3'
 '170.2' '139.3' '315.1' '120.9' '271.3' '191.0' '145.0' '289.0' '91.1'
 '243.0' '178.7' '112.8' '363.3' '206.8' '154.3' '307.4' '88.8' '263.1'
 '183.6' '142.0' '322.8' '123.3' '276.5' '194.5' '148.3' '296.7' '86.8'
 '236.7' '173.6' '110.5' '376.1' '214.0' '161.0' '321.2' '118.9' '267.5'
 '187.9' '143.8' '302.9' '87.6' '239.4' '176.8' '114.3' '347.6' '199.9'
 '144.6' '297.5' '88.3' '231.9' '168.8' '138.5' '313.5' '119.7' '269.7'
 '189.7' '143.1' '287.4' '90.5' '241.6' '175.9' '111.7' '360.7' '204.4'
 '152.5' '305.0' '88.0' '261.7' '182.2' '140.9' '320.3' '122.1' '274.9'
 '193.1' '146.7' '295.1' '86.4' '235.1' '171.0' '109.2' '373.5' '212.2'
 '159.6' '318.6' '117.5' '265.9' '186.5' '142.4' '300.5' '89.3' '238.0'
 '174.7' '113.1' '345.2' '198.3' '143.5' '296.1' '87.0' '230.5' '167.2'
 '137.1' '311.9' '118.3' '268.1' '188.1' '141.5' '285.8' '89.7' '240.2'
 '175.3' '110.0' '358.1' '202.8' '151.1' '303.5' '87.8' '260.3' '181.0'
 '139.7' '318.9' '121.0' '273.3' '191.7' '144.9' '293.5' '85.9' '234.3'
 '169.4' '108.6' '371.2' '210.6' '157.8' '316.0' '116.7' '264.3' '185.1'
 '141.0' '298.9' '88.5' '236.4' '173.3' '111.7' '342.8' '196.7' '142.1'
 '294.7' '85.6' '229.1' '165.6' '135.7' '310.3' '117.0' '266.5' '186.9'
 '140.1' '284.2' '88.9' '238.6' '173.9' '108.2' '355.7' '201.2' '149.7'
 '301.9' '86.6' '258.9' '179.6' '138.3' '317.3' '120.2' '271.7' '190.3'
 '143.3' '291.9' '85.1' '232.9' '168.0' '107.8' '368.8' '209.0' '156.0'
 '313.4' '115.9' '262.7' '183.7' '138.9' '297.3' '87.7' '234.8' '172.0'
 '110.5' '340.4' '195.1' '140.7' '293.3' '84.3' '227.7' '164.0' '134.3'
 '308.7' '115.4' '265.1' '185.5' '139.5' '282.6' '87.9' '237.2' '172.5'
 '106.4' '353.3' '199.6' '148.3' '299.3' '86.2' '257.5' '178.2' '136.9'
 '315.7' '118.4' '269.1' '188.7' '142.0' '290.3' '84.6' '231.3' '166.4'
 '105.9' '366.5' '207.4' '154.4' '311.8' '114.3' '261.1' '182.3' '137.5'
 '295.7' '86.9' '233.2' '170.6' '109.1' '338.0' '193.5' '139.3' '291.7'
 '83.5' '226.3' '162.4' '132.9' '307.1' '113.8' '263.5' '184.1' '138.1'
 '281.0' '87.1' '235.6' '171.1' '105.0' '350.9' '198.0' '146.9' '297.7'
 '85.4' '256.1' '176.8' '135.5' '314.1' '117.6' '267.5' '187.3' '140.7'
 '288.7' '83.8' '229.7' '164.8' '104.5' '364.2' '205.8' '152.8' '309.2'
 '112.7' '259.5' '180.9' '136.1' '294.1' '86.1' '231.6' '169.2' '107.7'
 '335.6' '191.9' '138.0' '289.1' '82.7' '224.9' '160.8' '131.5' '305.5'
 '112.2' '262.3' '182.9' '136.7' '279.4' '86.3' '234.0' '169.7' '103.6'
 '520.7  # 异常值（面积>200）' '498.3  # 异常值（面积>200）' '556.8  # 异常值（面积>200）'
 '78.5' '69.8' '420.6' '385.2' '362.8' '330.5' '305.4' '280.3' '256.9'
 '235.7' '210.4' '198.2' '182.7' '160.5' '142.3' '120.8' '189.3  # 缺失值'
 '175.6  # 缺失值' '183.2  # 缺失值' '178.9  # 缺失值' '181.5  # 缺失值' '176.3'
 '165.8' '148.6' '132.4' '115.2' '98.0' '456.9  # 异常值（面积>200）'
 '542.3  # 异常值（面积>200）'] to numeric
2025-11-08 15:57:25,559 - __main__ - INFO - 开始运行城市二手房房价预测系统
2025-11-08 15:57:25,559 - __main__ - INFO - 房价预测器初始化完成
2025-11-08 15:57:25,562 - __main__ - INFO - 成功加载数据，样本数量: 653
2025-11-08 15:57:25,562 - __main__ - INFO - 开始数据预处理...
2025-11-08 15:57:25,563 - __main__ - INFO - 模拟设置了 13 个缺失值
2025-11-08 15:57:25,563 - __main__ - INFO - 缺失值处理完成，当前样本数: 653
2025-11-08 15:57:25,564 - __main__ - INFO - 移除了 3 个异常值样本（面积 > 200m²）
2025-11-08 15:57:25,564 - __main__ - INFO - 异常值处理完成，当前样本数: 650
2025-11-08 15:57:25,564 - __main__ - INFO - 数据预处理完成
2025-11-08 15:57:25,564 - __main__ - INFO - 训练集大小: 520, 测试集大小: 130
2025-11-08 15:57:26,660 - __main__ - INFO - 数据分析图表已保存至: house_price_data_analysis.png
2025-11-08 15:57:33,462 - __main__ - INFO - 训练 batch 梯度下降模型...
2025-11-08 15:57:33,462 - __main__ - INFO - 开始batch梯度下降训练...
2025-11-08 15:57:33,462 - __main__ - INFO - 参数初始化完成，权重维度: (5, 1)
2025-11-08 15:57:33,463 - __main__ - INFO - 迭代 0, 损失: 0.436495
2025-11-08 15:57:33,472 - __main__ - INFO - 迭代 500, 损失: 0.007961
2025-11-08 15:57:33,480 - __main__ - INFO - batch梯度下降训练完成，最终损失: 0.004892
2025-11-08 15:57:33,480 - __main__ - INFO - 训练 stochastic 梯度下降模型...
2025-11-08 15:57:33,480 - __main__ - INFO - 开始stochastic梯度下降训练...
2025-11-08 15:57:33,480 - __main__ - INFO - 参数初始化完成，权重维度: (5, 1)
2025-11-08 15:57:33,480 - __main__ - INFO - 迭代 0, 损失: 0.421795
2025-11-08 15:57:33,484 - __main__ - INFO - 迭代 500, 损失: 0.006803
2025-11-08 15:57:33,488 - __main__ - INFO - stochastic梯度下降训练完成，最终损失: 0.005088
2025-11-08 15:57:33,488 - __main__ - INFO - 训练 mini_batch 梯度下降模型...
2025-11-08 15:57:33,488 - __main__ - INFO - 开始mini_batch梯度下降训练...
2025-11-08 15:57:33,488 - __main__ - INFO - 参数初始化完成，权重维度: (5, 1)
2025-11-08 15:57:33,488 - __main__ - INFO - 迭代 0, 损失: 0.438819
2025-11-08 15:57:33,497 - __main__ - INFO - 迭代 500, 损失: 0.007907
2025-11-08 15:57:33,505 - __main__ - INFO - mini_batch梯度下降训练完成，最终损失: 0.004710
2025-11-08 15:57:33,752 - __main__ - INFO - 训练历史图表已保存至: house_price_training_history.png
2025-11-08 15:57:36,645 - __main__ - INFO - 参数初始化完成，权重维度: (5, 1)
2025-11-08 15:57:36,645 - __main__ - INFO - 开始batch梯度下降训练...
2025-11-08 15:57:36,646 - __main__ - INFO - 参数初始化完成，权重维度: (5, 1)
2025-11-08 15:57:36,646 - __main__ - INFO - 迭代 0, 损失: 0.436495
2025-11-08 15:57:36,655 - __main__ - INFO - 迭代 500, 损失: 0.007961
2025-11-08 15:57:36,664 - __main__ - INFO - batch梯度下降训练完成，最终损失: 0.004892
2025-11-08 15:57:36,665 - __main__ - ERROR - 程序运行出错: non-broadcastable output operand with shape (130,1) doesn't match the broadcast shape (130,5)
2025-11-08 15:57:48,233 - __main__ - INFO - 开始运行城市二手房房价预测系统
2025-11-08 15:57:48,233 - __main__ - INFO - 房价预测器初始化完成
2025-11-08 15:57:48,238 - __main__ - INFO - 成功加载数据，样本数量: 653
2025-11-08 15:57:48,238 - __main__ - INFO - 开始数据预处理...
2025-11-08 15:57:48,238 - __main__ - INFO - 模拟设置了 13 个缺失值
2025-11-08 15:57:48,239 - __main__ - INFO - 缺失值处理完成，当前样本数: 653
2025-11-08 15:57:48,239 - __main__ - INFO - 移除了 3 个异常值样本（面积 > 200m²）
2025-11-08 15:57:48,239 - __main__ - INFO - 异常值处理完成，当前样本数: 650
2025-11-08 15:57:48,240 - __main__ - INFO - 数据预处理完成
2025-11-08 15:57:48,240 - __main__ - INFO - 训练集大小: 520, 测试集大小: 130
2025-11-08 15:57:49,126 - __main__ - INFO - 数据分析图表已保存至: house_price_data_analysis.png
2025-11-08 15:57:52,480 - __main__ - INFO - 训练 batch 梯度下降模型...
2025-11-08 15:57:52,481 - __main__ - INFO - 开始batch梯度下降训练...
2025-11-08 15:57:52,481 - __main__ - INFO - 参数初始化完成，权重维度: (5, 1)
2025-11-08 15:57:52,481 - __main__ - INFO - 迭代 0, 损失: 0.436495
2025-11-08 15:57:52,491 - __main__ - INFO - 迭代 500, 损失: 0.007961
2025-11-08 15:57:52,499 - __main__ - INFO - batch梯度下降训练完成，最终损失: 0.004892
2025-11-08 15:57:52,499 - __main__ - INFO - 训练 stochastic 梯度下降模型...
2025-11-08 15:57:52,499 - __main__ - INFO - 开始stochastic梯度下降训练...
2025-11-08 15:57:52,499 - __main__ - INFO - 参数初始化完成，权重维度: (5, 1)
2025-11-08 15:57:52,499 - __main__ - INFO - 迭代 0, 损失: 0.421795
2025-11-08 15:57:52,503 - __main__ - INFO - 迭代 500, 损失: 0.006803
2025-11-08 15:57:52,507 - __main__ - INFO - stochastic梯度下降训练完成，最终损失: 0.005088
2025-11-08 15:57:52,507 - __main__ - INFO - 训练 mini_batch 梯度下降模型...
2025-11-08 15:57:52,507 - __main__ - INFO - 开始mini_batch梯度下降训练...
2025-11-08 15:57:52,507 - __main__ - INFO - 参数初始化完成，权重维度: (5, 1)
2025-11-08 15:57:52,507 - __main__ - INFO - 迭代 0, 损失: 0.438819
2025-11-08 15:57:52,516 - __main__ - INFO - 迭代 500, 损失: 0.007907
2025-11-08 15:57:52,524 - __main__ - INFO - mini_batch梯度下降训练完成，最终损失: 0.004710
2025-11-08 15:57:52,763 - __main__ - INFO - 训练历史图表已保存至: house_price_training_history.png
2025-11-08 15:57:56,060 - __main__ - INFO - 参数初始化完成，权重维度: (5, 1)
2025-11-08 15:57:56,060 - __main__ - INFO - 开始batch梯度下降训练...
2025-11-08 15:57:56,060 - __main__ - INFO - 参数初始化完成，权重维度: (5, 1)
2025-11-08 15:57:56,060 - __main__ - INFO - 迭代 0, 损失: 0.436495
2025-11-08 15:57:56,070 - __main__ - INFO - 迭代 500, 损失: 0.007961
2025-11-08 15:57:56,078 - __main__ - INFO - batch梯度下降训练完成，最终损失: 0.004892
2025-11-08 15:57:56,080 - __main__ - INFO - 模型评估结果:
2025-11-08 15:57:56,080 - __main__ - INFO - MSE: 61.8507
2025-11-08 15:57:56,080 - __main__ - INFO - MAE: 5.8262
2025-11-08 15:57:56,080 - __main__ - INFO - RMSE: 7.8645
2025-11-08 15:57:56,080 - __main__ - INFO - R²: 0.9905
2025-11-08 15:57:56,080 - __main__ - ERROR - 程序运行出错: 'HousePricePredictor' object has no attribute 'scaler'
2025-11-08 15:58:01,965 - __main__ - INFO - 开始运行城市二手房房价预测系统
2025-11-08 15:58:01,965 - __main__ - INFO - 房价预测器初始化完成
2025-11-08 15:58:01,968 - __main__ - INFO - 成功加载数据，样本数量: 653
2025-11-08 15:58:01,968 - __main__ - INFO - 开始数据预处理...
2025-11-08 15:58:01,969 - __main__ - INFO - 模拟设置了 13 个缺失值
2025-11-08 15:58:01,969 - __main__ - INFO - 缺失值处理完成，当前样本数: 653
2025-11-08 15:58:01,969 - __main__ - INFO - 移除了 3 个异常值样本（面积 > 200m²）
2025-11-08 15:58:01,969 - __main__ - INFO - 异常值处理完成，当前样本数: 650
2025-11-08 15:58:01,970 - __main__ - INFO - 数据预处理完成
2025-11-08 15:58:01,970 - __main__ - INFO - 训练集大小: 520, 测试集大小: 130
2025-11-08 15:58:02,854 - __main__ - INFO - 数据分析图表已保存至: house_price_data_analysis.png
2025-11-08 15:58:05,647 - __main__ - INFO - 训练 batch 梯度下降模型...
2025-11-08 15:58:05,647 - __main__ - INFO - 开始batch梯度下降训练...
2025-11-08 15:58:05,648 - __main__ - INFO - 参数初始化完成，权重维度: (5, 1)
2025-11-08 15:58:05,648 - __main__ - INFO - 迭代 0, 损失: 0.436495
2025-11-08 15:58:05,658 - __main__ - INFO - 迭代 500, 损失: 0.007961
2025-11-08 15:58:05,666 - __main__ - INFO - batch梯度下降训练完成，最终损失: 0.004892
2025-11-08 15:58:05,666 - __main__ - INFO - 训练 stochastic 梯度下降模型...
2025-11-08 15:58:05,666 - __main__ - INFO - 开始stochastic梯度下降训练...
2025-11-08 15:58:05,666 - __main__ - INFO - 参数初始化完成，权重维度: (5, 1)
2025-11-08 15:58:05,666 - __main__ - INFO - 迭代 0, 损失: 0.421795
2025-11-08 15:58:05,671 - __main__ - INFO - 迭代 500, 损失: 0.006803
2025-11-08 15:58:05,675 - __main__ - INFO - stochastic梯度下降训练完成，最终损失: 0.005088
2025-11-08 15:58:05,675 - __main__ - INFO - 训练 mini_batch 梯度下降模型...
2025-11-08 15:58:05,675 - __main__ - INFO - 开始mini_batch梯度下降训练...
2025-11-08 15:58:05,675 - __main__ - INFO - 参数初始化完成，权重维度: (5, 1)
2025-11-08 15:58:05,675 - __main__ - INFO - 迭代 0, 损失: 0.438819
2025-11-08 15:58:05,684 - __main__ - INFO - 迭代 500, 损失: 0.007907
2025-11-08 15:58:05,691 - __main__ - INFO - mini_batch梯度下降训练完成，最终损失: 0.004710
2025-11-08 15:58:05,928 - __main__ - INFO - 训练历史图表已保存至: house_price_training_history.png
2025-11-08 15:58:06,884 - __main__ - INFO - 参数初始化完成，权重维度: (5, 1)
2025-11-08 15:58:06,884 - __main__ - INFO - 开始batch梯度下降训练...
2025-11-08 15:58:06,884 - __main__ - INFO - 参数初始化完成，权重维度: (5, 1)
2025-11-08 15:58:06,885 - __main__ - INFO - 迭代 0, 损失: 0.436495
2025-11-08 15:58:06,894 - __main__ - INFO - 迭代 500, 损失: 0.007961
2025-11-08 15:58:06,902 - __main__ - INFO - batch梯度下降训练完成，最终损失: 0.004892
2025-11-08 15:58:06,904 - __main__ - INFO - 模型评估结果:
2025-11-08 15:58:06,904 - __main__ - INFO - MSE: 61.8507
2025-11-08 15:58:06,904 - __main__ - INFO - MAE: 5.8262
2025-11-08 15:58:06,904 - __main__ - INFO - RMSE: 7.8645
2025-11-08 15:58:06,904 - __main__ - INFO - R²: 0.9905
2025-11-08 15:58:07,590 - __main__ - INFO - 预测结果图表已保存至: house_price_predictions.png
2025-11-08 15:58:10,100 - __main__ - INFO - 特征重要性分析图表已保存至: house_price_feature_importance.png
2025-11-08 15:58:11,845 - __main__ - INFO - 特征重要性分析:
2025-11-08 15:58:11,846 - __main__ - INFO - area: 权重=0.5070 (正向影响)
2025-11-08 15:58:11,846 - __main__ - INFO - room_num: 权重=0.2245 (正向影响)
2025-11-08 15:58:11,846 - __main__ - INFO - living_room_num: 权重=0.0914 (正向影响)
2025-11-08 15:58:11,846 - __main__ - INFO - floor: 权重=0.1819 (正向影响)
2025-11-08 15:58:11,846 - __main__ - INFO - distance_subway: 权重=-0.0328 (负向影响)
2025-11-08 15:58:11,846 - __main__ - INFO - ==================================================
2025-11-08 15:58:11,846 - __main__ - INFO - 城市二手房房价预测系统运行完成
2025-11-08 15:58:11,846 - __main__ - INFO - ==================================================
2025-11-08 15:58:11,846 - __main__ - INFO - 模型评估指标:
2025-11-08 15:58:11,846 - __main__ - INFO - MSE: 61.8507
2025-11-08 15:58:11,846 - __main__ - INFO - MAE: 5.8262
2025-11-08 15:58:11,846 - __main__ - INFO - RMSE: 7.8645
2025-11-08 15:58:11,846 - __main__ - INFO - R²: 0.9905
2025-11-08 15:58:11,846 - __main__ - INFO - 特征重要性分析:
2025-11-08 15:58:11,846 - __main__ - INFO - area: 正向影响房价，权重系数为0.5070
2025-11-08 15:58:11,847 - __main__ - INFO - room_num: 正向影响房价，权重系数为0.2245
2025-11-08 15:58:11,847 - __main__ - INFO - living_room_num: 正向影响房价，权重系数为0.0914
2025-11-08 15:58:11,847 - __main__ - INFO - floor: 正向影响房价，权重系数为0.1819
2025-11-08 15:58:11,847 - __main__ - INFO - distance_subway: 负向影响房价，权重系数为-0.0328
2025-11-08 16:00:49,188 - __main__ - INFO - 开始运行城市二手房房价预测系统
2025-11-08 16:00:49,189 - __main__ - INFO - 创建目录: house_price_data
2025-11-08 16:00:49,189 - __main__ - INFO - 创建目录: house_price_data/plots
2025-11-08 16:00:49,189 - __main__ - INFO - 创建目录: house_price_data/training_data
2025-11-08 16:00:49,189 - __main__ - INFO - 创建目录: house_price_data/evaluation_data
2025-11-08 16:00:49,189 - __main__ - INFO - 创建目录: house_price_data/feature_analysis
2025-11-08 16:00:49,189 - __main__ - INFO - 房价预测器初始化完成
2025-11-08 16:00:49,197 - __main__ - INFO - 成功加载数据，样本数量: 653
2025-11-08 16:00:49,197 - __main__ - INFO - 开始数据预处理...
2025-11-08 16:00:49,199 - __main__ - INFO - 模拟设置了 13 个缺失值
2025-11-08 16:00:49,199 - __main__ - INFO - 缺失值处理完成，当前样本数: 653
2025-11-08 16:00:49,200 - __main__ - INFO - 移除了 3 个异常值样本（面积 > 200m²）
2025-11-08 16:00:49,200 - __main__ - INFO - 异常值处理完成，当前样本数: 650
2025-11-08 16:00:49,201 - __main__ - INFO - 数据预处理完成
2025-11-08 16:00:49,201 - __main__ - INFO - 训练集大小: 520, 测试集大小: 130
2025-11-08 16:00:50,137 - __main__ - INFO - 数据分析图表已保存至: house_price_data/plots/house_price_data_analysis.png
2025-11-08 16:00:55,237 - __main__ - INFO - 训练 batch 梯度下降模型...
2025-11-08 16:00:55,238 - __main__ - INFO - 开始batch梯度下降训练...
2025-11-08 16:00:55,238 - __main__ - INFO - 参数初始化完成，权重维度: (5, 1)
2025-11-08 16:00:55,238 - __main__ - INFO - 迭代 0, 损失: 0.436495
2025-11-08 16:00:55,247 - __main__ - INFO - 迭代 500, 损失: 0.007961
2025-11-08 16:00:55,253 - __main__ - INFO - batch梯度下降训练完成，最终损失: 0.004892
2025-11-08 16:00:55,254 - __main__ - INFO - 训练 stochastic 梯度下降模型...
2025-11-08 16:00:55,254 - __main__ - INFO - 开始stochastic梯度下降训练...
2025-11-08 16:00:55,254 - __main__ - INFO - 参数初始化完成，权重维度: (5, 1)
2025-11-08 16:00:55,254 - __main__ - INFO - 迭代 0, 损失: 0.421795
2025-11-08 16:00:55,257 - __main__ - INFO - 迭代 500, 损失: 0.006803
2025-11-08 16:00:55,261 - __main__ - INFO - stochastic梯度下降训练完成，最终损失: 0.005088
2025-11-08 16:00:55,261 - __main__ - INFO - 训练 mini_batch 梯度下降模型...
2025-11-08 16:00:55,262 - __main__ - INFO - 开始mini_batch梯度下降训练...
2025-11-08 16:00:55,262 - __main__ - INFO - 参数初始化完成，权重维度: (5, 1)
2025-11-08 16:00:55,262 - __main__ - INFO - 迭代 0, 损失: 0.438819
2025-11-08 16:00:55,272 - __main__ - INFO - 迭代 500, 损失: 0.007907
2025-11-08 16:00:55,281 - __main__ - INFO - mini_batch梯度下降训练完成，最终损失: 0.004710
2025-11-08 16:00:55,292 - __main__ - ERROR - 程序运行出错: 
sans-serif
    ^
ParseException: Expected end of text, found '-'  (at char 4), (line:1, col:5)
2025-11-08 16:01:10,159 - __main__ - INFO - 开始运行城市二手房房价预测系统
2025-11-08 16:01:10,159 - __main__ - INFO - 创建目录: house_price_data
2025-11-08 16:01:10,159 - __main__ - INFO - 创建目录: house_price_data/plots
2025-11-08 16:01:10,159 - __main__ - INFO - 创建目录: house_price_data/training_data
2025-11-08 16:01:10,159 - __main__ - INFO - 创建目录: house_price_data/evaluation_data
2025-11-08 16:01:10,159 - __main__ - INFO - 创建目录: house_price_data/feature_analysis
2025-11-08 16:01:10,159 - __main__ - INFO - 房价预测器初始化完成
2025-11-08 16:01:10,165 - __main__ - INFO - 成功加载数据，样本数量: 653
2025-11-08 16:01:10,165 - __main__ - INFO - 开始数据预处理...
2025-11-08 16:01:10,167 - __main__ - INFO - 模拟设置了 13 个缺失值
2025-11-08 16:01:10,167 - __main__ - INFO - 缺失值处理完成，当前样本数: 653
2025-11-08 16:01:10,168 - __main__ - INFO - 移除了 3 个异常值样本（面积 > 200m²）
2025-11-08 16:01:10,168 - __main__ - INFO - 异常值处理完成，当前样本数: 650
2025-11-08 16:01:10,169 - __main__ - INFO - 数据预处理完成
2025-11-08 16:01:10,169 - __main__ - INFO - 训练集大小: 520, 测试集大小: 130
2025-11-08 16:01:11,234 - __main__ - INFO - 数据分析图表已保存至: house_price_data/plots/house_price_data_analysis.png
2025-11-08 16:01:16,145 - __main__ - INFO - 训练 batch 梯度下降模型...
2025-11-08 16:01:16,146 - __main__ - INFO - 开始batch梯度下降训练...
2025-11-08 16:01:16,146 - __main__ - INFO - 参数初始化完成，权重维度: (5, 1)
2025-11-08 16:01:16,147 - __main__ - INFO - 迭代 0, 损失: 0.436495
2025-11-08 16:01:16,156 - __main__ - INFO - 迭代 500, 损失: 0.007961
2025-11-08 16:01:16,164 - __main__ - INFO - batch梯度下降训练完成，最终损失: 0.004892
2025-11-08 16:01:16,164 - __main__ - INFO - 训练 stochastic 梯度下降模型...
2025-11-08 16:01:16,164 - __main__ - INFO - 开始stochastic梯度下降训练...
2025-11-08 16:01:16,164 - __main__ - INFO - 参数初始化完成，权重维度: (5, 1)
2025-11-08 16:01:16,164 - __main__ - INFO - 迭代 0, 损失: 0.421795
2025-11-08 16:01:16,168 - __main__ - INFO - 迭代 500, 损失: 0.006803
2025-11-08 16:01:16,172 - __main__ - INFO - stochastic梯度下降训练完成，最终损失: 0.005088
2025-11-08 16:01:16,172 - __main__ - INFO - 训练 mini_batch 梯度下降模型...
2025-11-08 16:01:16,172 - __main__ - INFO - 开始mini_batch梯度下降训练...
2025-11-08 16:01:16,172 - __main__ - INFO - 参数初始化完成，权重维度: (5, 1)
2025-11-08 16:01:16,172 - __main__ - INFO - 迭代 0, 损失: 0.438819
2025-11-08 16:01:16,182 - __main__ - INFO - 迭代 500, 损失: 0.007907
2025-11-08 16:01:16,190 - __main__ - INFO - mini_batch梯度下降训练完成，最终损失: 0.004710
2025-11-08 16:01:16,426 - __main__ - INFO - 训练历史图表已保存至: house_price_data/plots/house_price_training_history.png
2025-11-08 16:01:16,426 - __main__ - INFO - 绘图数据已保存至: house_price_data/plots/training_history_data.json
2025-11-08 16:01:16,426 - __main__ - INFO - 参数初始化完成，权重维度: (5, 1)
2025-11-08 16:01:16,426 - __main__ - INFO - 开始batch梯度下降训练...
2025-11-08 16:01:16,426 - __main__ - INFO - 参数初始化完成，权重维度: (5, 1)
2025-11-08 16:01:16,426 - __main__ - INFO - 迭代 0, 损失: 0.436495
2025-11-08 16:01:16,430 - __main__ - INFO - 迭代 500, 损失: 0.007961
2025-11-08 16:01:16,433 - __main__ - INFO - batch梯度下降训练完成，最终损失: 0.004892
2025-11-08 16:01:16,434 - __main__ - INFO - 模型评估结果:
2025-11-08 16:01:16,434 - __main__ - INFO - MSE: 61.8507
2025-11-08 16:01:16,434 - __main__ - INFO - MAE: 5.8262
2025-11-08 16:01:16,434 - __main__ - INFO - RMSE: 7.8645
2025-11-08 16:01:16,434 - __main__ - INFO - R²: 0.9905
2025-11-08 16:01:16,442 - __main__ - ERROR - 程序运行出错: 
sans-serif
    ^
ParseException: Expected end of text, found '-'  (at char 4), (line:1, col:5)
2025-11-08 16:01:25,645 - __main__ - INFO - 开始运行城市二手房房价预测系统
2025-11-08 16:01:25,645 - __main__ - INFO - 创建目录: house_price_data
2025-11-08 16:01:25,645 - __main__ - INFO - 创建目录: house_price_data/plots
2025-11-08 16:01:25,645 - __main__ - INFO - 创建目录: house_price_data/training_data
2025-11-08 16:01:25,645 - __main__ - INFO - 创建目录: house_price_data/evaluation_data
2025-11-08 16:01:25,645 - __main__ - INFO - 创建目录: house_price_data/feature_analysis
2025-11-08 16:01:25,645 - __main__ - INFO - 房价预测器初始化完成
2025-11-08 16:01:25,648 - __main__ - INFO - 成功加载数据，样本数量: 653
2025-11-08 16:01:25,648 - __main__ - INFO - 开始数据预处理...
2025-11-08 16:01:25,649 - __main__ - INFO - 模拟设置了 13 个缺失值
2025-11-08 16:01:25,649 - __main__ - INFO - 缺失值处理完成，当前样本数: 653
2025-11-08 16:01:25,650 - __main__ - INFO - 移除了 3 个异常值样本（面积 > 200m²）
2025-11-08 16:01:25,650 - __main__ - INFO - 异常值处理完成，当前样本数: 650
2025-11-08 16:01:25,651 - __main__ - INFO - 数据预处理完成
2025-11-08 16:01:25,651 - __main__ - INFO - 训练集大小: 520, 测试集大小: 130
2025-11-08 16:01:26,527 - __main__ - INFO - 数据分析图表已保存至: house_price_data/plots/house_price_data_analysis.png
2025-11-08 16:01:29,200 - __main__ - INFO - 训练 batch 梯度下降模型...
2025-11-08 16:01:29,201 - __main__ - INFO - 开始batch梯度下降训练...
2025-11-08 16:01:29,201 - __main__ - INFO - 参数初始化完成，权重维度: (5, 1)
2025-11-08 16:01:29,201 - __main__ - INFO - 迭代 0, 损失: 0.436495
2025-11-08 16:01:29,211 - __main__ - INFO - 迭代 500, 损失: 0.007961
2025-11-08 16:01:29,219 - __main__ - INFO - batch梯度下降训练完成，最终损失: 0.004892
2025-11-08 16:01:29,220 - __main__ - INFO - 训练 stochastic 梯度下降模型...
2025-11-08 16:01:29,220 - __main__ - INFO - 开始stochastic梯度下降训练...
2025-11-08 16:01:29,220 - __main__ - INFO - 参数初始化完成，权重维度: (5, 1)
2025-11-08 16:01:29,220 - __main__ - INFO - 迭代 0, 损失: 0.421795
2025-11-08 16:01:29,224 - __main__ - INFO - 迭代 500, 损失: 0.006803
2025-11-08 16:01:29,228 - __main__ - INFO - stochastic梯度下降训练完成，最终损失: 0.005088
2025-11-08 16:01:29,228 - __main__ - INFO - 训练 mini_batch 梯度下降模型...
2025-11-08 16:01:29,228 - __main__ - INFO - 开始mini_batch梯度下降训练...
2025-11-08 16:01:29,228 - __main__ - INFO - 参数初始化完成，权重维度: (5, 1)
2025-11-08 16:01:29,228 - __main__ - INFO - 迭代 0, 损失: 0.438819
2025-11-08 16:01:29,237 - __main__ - INFO - 迭代 500, 损失: 0.007907
2025-11-08 16:01:29,245 - __main__ - INFO - mini_batch梯度下降训练完成，最终损失: 0.004710
2025-11-08 16:01:29,483 - __main__ - INFO - 训练历史图表已保存至: house_price_data/plots/house_price_training_history.png
2025-11-08 16:01:29,484 - __main__ - INFO - 绘图数据已保存至: house_price_data/plots/training_history_data.json
2025-11-08 16:01:29,484 - __main__ - INFO - 参数初始化完成，权重维度: (5, 1)
2025-11-08 16:01:29,484 - __main__ - INFO - 开始batch梯度下降训练...
2025-11-08 16:01:29,484 - __main__ - INFO - 参数初始化完成，权重维度: (5, 1)
2025-11-08 16:01:29,484 - __main__ - INFO - 迭代 0, 损失: 0.436495
2025-11-08 16:01:29,487 - __main__ - INFO - 迭代 500, 损失: 0.007961
2025-11-08 16:01:29,491 - __main__ - INFO - batch梯度下降训练完成，最终损失: 0.004892
2025-11-08 16:01:29,492 - __main__ - INFO - 模型评估结果:
2025-11-08 16:01:29,492 - __main__ - INFO - MSE: 61.8507
2025-11-08 16:01:29,492 - __main__ - INFO - MAE: 5.8262
2025-11-08 16:01:29,492 - __main__ - INFO - RMSE: 7.8645
2025-11-08 16:01:29,492 - __main__ - INFO - R²: 0.9905
2025-11-08 16:01:30,174 - __main__ - INFO - 预测结果图表已保存至: house_price_data/plots/house_price_predictions.png
2025-11-08 16:01:30,175 - __main__ - INFO - 绘图数据已保存至: house_price_data/evaluation_data/prediction_results_data.json
2025-11-08 16:01:30,488 - __main__ - INFO - 特征重要性分析图表已保存至: house_price_data/plots/house_price_feature_importance.png
2025-11-08 16:01:30,489 - __main__ - INFO - 绘图数据已保存至: house_price_data/feature_analysis/feature_importance_data.json
2025-11-08 16:01:30,489 - __main__ - INFO - 特征重要性分析:
2025-11-08 16:01:30,489 - __main__ - INFO - area: 权重=0.5070 (正向影响)
2025-11-08 16:01:30,489 - __main__ - INFO - room_num: 权重=0.2245 (正向影响)
2025-11-08 16:01:30,489 - __main__ - INFO - living_room_num: 权重=0.0914 (正向影响)
2025-11-08 16:01:30,489 - __main__ - INFO - floor: 权重=0.1819 (正向影响)
2025-11-08 16:01:30,489 - __main__ - INFO - distance_subway: 权重=-0.0328 (负向影响)
2025-11-08 16:01:30,489 - __main__ - INFO - 绘图数据已保存至: house_price_data/training_data/model_training_data.json
2025-11-08 16:01:30,489 - __main__ - INFO - ==================================================
2025-11-08 16:01:30,489 - __main__ - INFO - 城市二手房房价预测系统运行完成
2025-11-08 16:01:30,489 - __main__ - INFO - ==================================================
2025-11-08 16:01:30,489 - __main__ - INFO - 模型评估指标:
2025-11-08 16:01:30,489 - __main__ - INFO - MSE: 61.8507
2025-11-08 16:01:30,489 - __main__ - INFO - MAE: 5.8262
2025-11-08 16:01:30,489 - __main__ - INFO - RMSE: 7.8645
2025-11-08 16:01:30,489 - __main__ - INFO - R²: 0.9905
2025-11-08 16:01:30,489 - __main__ - INFO - 特征重要性分析:
2025-11-08 16:01:30,489 - __main__ - INFO - area: 正向影响房价，权重系数为0.5070
2025-11-08 16:01:30,489 - __main__ - INFO - room_num: 正向影响房价，权重系数为0.2245
2025-11-08 16:01:30,489 - __main__ - INFO - living_room_num: 正向影响房价，权重系数为0.0914
2025-11-08 16:01:30,489 - __main__ - INFO - floor: 正向影响房价，权重系数为0.1819
2025-11-08 16:01:30,489 - __main__ - INFO - distance_subway: 负向影响房价，权重系数为-0.0328
2025-11-08 16:04:45,813 - __main__ - INFO - 开始运行城市二手房房价预测系统
2025-11-08 16:04:45,813 - __main__ - INFO - 创建目录: house_price_data
2025-11-08 16:04:45,814 - __main__ - INFO - 创建目录: house_price_data/plots
2025-11-08 16:04:45,814 - __main__ - INFO - 创建目录: house_price_data/training_data
2025-11-08 16:04:45,814 - __main__ - INFO - 创建目录: house_price_data/evaluation_data
2025-11-08 16:04:45,814 - __main__ - INFO - 创建目录: house_price_data/feature_analysis
2025-11-08 16:04:45,814 - __main__ - INFO - 房价预测器初始化完成
2025-11-08 16:04:45,820 - __main__ - INFO - 成功加载数据，样本数量: 653
2025-11-08 16:04:45,820 - __main__ - INFO - 开始数据预处理...
2025-11-08 16:04:45,822 - __main__ - INFO - 模拟设置了 13 个缺失值
2025-11-08 16:04:45,822 - __main__ - INFO - 缺失值处理完成，当前样本数: 653
2025-11-08 16:04:45,823 - __main__ - INFO - 移除了 3 个异常值样本（面积 > 200m²）
2025-11-08 16:04:45,823 - __main__ - INFO - 异常值处理完成，当前样本数: 650
2025-11-08 16:04:45,824 - __main__ - INFO - 数据预处理完成
2025-11-08 16:04:45,824 - __main__ - INFO - 训练集大小: 520, 测试集大小: 130
2025-11-08 16:04:46,897 - __main__ - INFO - 数据分析图表已保存至: house_price_data/plots/house_price_data_analysis.png
2025-11-08 16:04:56,548 - __main__ - INFO - 训练 batch 梯度下降模型...
2025-11-08 16:04:56,548 - __main__ - INFO - 开始batch梯度下降训练...
2025-11-08 16:04:56,549 - __main__ - INFO - 参数初始化完成，权重维度: (5, 1)
2025-11-08 16:04:56,549 - __main__ - INFO - 迭代 0, 损失: 0.436495
2025-11-08 16:04:56,558 - __main__ - INFO - 迭代 500, 损失: 0.007961
2025-11-08 16:04:56,567 - __main__ - INFO - batch梯度下降训练完成，最终损失: 0.004892
2025-11-08 16:04:56,567 - __main__ - INFO - 训练 stochastic 梯度下降模型...
2025-11-08 16:04:56,567 - __main__ - INFO - 开始stochastic梯度下降训练...
2025-11-08 16:04:56,567 - __main__ - INFO - 参数初始化完成，权重维度: (5, 1)
2025-11-08 16:04:56,568 - __main__ - INFO - 迭代 0, 损失: 0.421795
2025-11-08 16:04:56,570 - __main__ - INFO - 迭代 500, 损失: 0.006803
2025-11-08 16:04:56,575 - __main__ - INFO - stochastic梯度下降训练完成，最终损失: 0.005088
2025-11-08 16:04:56,575 - __main__ - INFO - 训练 mini_batch 梯度下降模型...
2025-11-08 16:04:56,575 - __main__ - INFO - 开始mini_batch梯度下降训练...
2025-11-08 16:04:56,575 - __main__ - INFO - 参数初始化完成，权重维度: (5, 1)
2025-11-08 16:04:56,575 - __main__ - INFO - 迭代 0, 损失: 0.438819
2025-11-08 16:04:56,584 - __main__ - INFO - 迭代 500, 损失: 0.007907
2025-11-08 16:04:56,593 - __main__ - INFO - mini_batch梯度下降训练完成，最终损失: 0.004710
2025-11-08 16:04:56,834 - __main__ - INFO - 训练历史图表已保存至: house_price_data/plots/house_price_training_history.png
2025-11-08 16:04:56,834 - __main__ - INFO - 绘图数据已保存至: house_price_data/plots/training_history_data.json
2025-11-08 16:04:56,834 - __main__ - INFO - 参数初始化完成，权重维度: (5, 1)
2025-11-08 16:04:56,834 - __main__ - INFO - 开始batch梯度下降训练...
2025-11-08 16:04:56,834 - __main__ - INFO - 参数初始化完成，权重维度: (5, 1)
2025-11-08 16:04:56,834 - __main__ - INFO - 迭代 0, 损失: 0.436495
2025-11-08 16:04:56,838 - __main__ - INFO - 迭代 500, 损失: 0.007961
2025-11-08 16:04:56,841 - __main__ - INFO - batch梯度下降训练完成，最终损失: 0.004892
2025-11-08 16:04:56,842 - __main__ - INFO - 模型评估结果:
2025-11-08 16:04:56,842 - __main__ - INFO - MSE: 61.8507
2025-11-08 16:04:56,842 - __main__ - INFO - MAE: 5.8262
2025-11-08 16:04:56,842 - __main__ - INFO - RMSE: 7.8645
2025-11-08 16:04:56,842 - __main__ - INFO - R²: 0.9905
2025-11-08 16:04:57,515 - __main__ - INFO - 预测结果图表已保存至: house_price_data/plots/house_price_predictions.png
2025-11-08 16:04:57,516 - __main__ - INFO - 绘图数据已保存至: house_price_data/evaluation_data/prediction_results_data.json
2025-11-08 16:04:57,837 - __main__ - INFO - 特征重要性分析图表已保存至: house_price_data/plots/house_price_feature_importance.png
2025-11-08 16:04:57,837 - __main__ - INFO - 绘图数据已保存至: house_price_data/feature_analysis/feature_importance_data.json
2025-11-08 16:04:57,837 - __main__ - INFO - 特征重要性分析:
2025-11-08 16:04:57,837 - __main__ - INFO - area: 权重=0.5070 (正向影响)
2025-11-08 16:04:57,837 - __main__ - INFO - room_num: 权重=0.2245 (正向影响)
2025-11-08 16:04:57,837 - __main__ - INFO - living_room_num: 权重=0.0914 (正向影响)
2025-11-08 16:04:57,837 - __main__ - INFO - floor: 权重=0.1819 (正向影响)
2025-11-08 16:04:57,837 - __main__ - INFO - distance_subway: 权重=-0.0328 (负向影响)
2025-11-08 16:04:57,838 - __main__ - INFO - 绘图数据已保存至: house_price_data/training_data/model_training_data.json
2025-11-08 16:04:57,838 - __main__ - INFO - ==================================================
2025-11-08 16:04:57,838 - __main__ - INFO - 城市二手房房价预测系统运行完成
2025-11-08 16:04:57,838 - __main__ - INFO - ==================================================
2025-11-08 16:04:57,838 - __main__ - INFO - 模型评估指标:
2025-11-08 16:04:57,838 - __main__ - INFO - MSE: 61.8507
2025-11-08 16:04:57,838 - __main__ - INFO - MAE: 5.8262
2025-11-08 16:04:57,838 - __main__ - INFO - RMSE: 7.8645
2025-11-08 16:04:57,838 - __main__ - INFO - R²: 0.9905
2025-11-08 16:04:57,838 - __main__ - INFO - 特征重要性分析:
2025-11-08 16:04:57,838 - __main__ - INFO - area: 正向影响房价，权重系数为0.5070
2025-11-08 16:04:57,838 - __main__ - INFO - room_num: 正向影响房价，权重系数为0.2245
2025-11-08 16:04:57,838 - __main__ - INFO - living_room_num: 正向影响房价，权重系数为0.0914
2025-11-08 16:04:57,838 - __main__ - INFO - floor: 正向影响房价，权重系数为0.1819
2025-11-08 16:04:57,838 - __main__ - INFO - distance_subway: 负向影响房价，权重系数为-0.0328
2025-11-08 16:08:15,760 - __main__ - INFO - 开始运行城市二手房房价预测系统
2025-11-08 16:08:15,760 - __main__ - INFO - 创建目录: house_price_data
2025-11-08 16:08:15,760 - __main__ - INFO - 创建目录: house_price_data/plots
2025-11-08 16:08:15,760 - __main__ - INFO - 创建目录: house_price_data/training_data
2025-11-08 16:08:15,760 - __main__ - INFO - 创建目录: house_price_data/evaluation_data
2025-11-08 16:08:15,760 - __main__ - INFO - 创建目录: house_price_data/feature_analysis
2025-11-08 16:08:15,760 - __main__ - INFO - 房价预测器初始化完成
2025-11-08 16:08:15,768 - __main__ - INFO - 成功加载数据，样本数量: 653
2025-11-08 16:08:15,768 - __main__ - INFO - 开始数据预处理...
2025-11-08 16:08:15,769 - __main__ - INFO - 模拟设置了 13 个缺失值
2025-11-08 16:08:15,770 - __main__ - INFO - 缺失值处理完成，当前样本数: 653
2025-11-08 16:08:15,770 - __main__ - INFO - 移除了 3 个异常值样本（面积 > 200m²）
2025-11-08 16:08:15,770 - __main__ - INFO - 异常值处理完成，当前样本数: 650
2025-11-08 16:08:15,771 - __main__ - INFO - 数据预处理完成
2025-11-08 16:08:15,771 - __main__ - INFO - 训练集大小: 520, 测试集大小: 130
2025-11-08 16:08:16,227 - matplotlib.text - WARNING - posx and posy should be finite values
2025-11-08 16:08:16,227 - matplotlib.text - WARNING - posx and posy should be finite values
2025-11-08 16:08:16,227 - matplotlib.text - WARNING - posx and posy should be finite values
2025-11-08 16:08:16,227 - matplotlib.text - WARNING - posx and posy should be finite values
2025-11-08 16:08:16,227 - matplotlib.text - WARNING - posx and posy should be finite values
2025-11-08 16:08:16,485 - matplotlib.text - WARNING - posx and posy should be finite values
2025-11-08 16:08:16,485 - matplotlib.text - WARNING - posx and posy should be finite values
2025-11-08 16:08:16,485 - matplotlib.text - WARNING - posx and posy should be finite values
2025-11-08 16:08:16,485 - matplotlib.text - WARNING - posx and posy should be finite values
2025-11-08 16:08:16,485 - matplotlib.text - WARNING - posx and posy should be finite values
2025-11-08 16:08:17,114 - __main__ - INFO - 数据分析图表已保存至: house_price_data/plots/house_price_data_analysis.png
2025-11-08 16:08:17,426 - matplotlib.text - WARNING - posx and posy should be finite values
2025-11-08 16:08:17,426 - matplotlib.text - WARNING - posx and posy should be finite values
2025-11-08 16:08:17,426 - matplotlib.text - WARNING - posx and posy should be finite values
2025-11-08 16:08:17,427 - matplotlib.text - WARNING - posx and posy should be finite values
2025-11-08 16:08:17,427 - matplotlib.text - WARNING - posx and posy should be finite values
2025-11-08 16:08:21,618 - __main__ - INFO - 训练 batch 梯度下降模型...
2025-11-08 16:08:21,618 - __main__ - INFO - 开始batch梯度下降训练...
2025-11-08 16:08:21,618 - __main__ - INFO - 参数初始化完成，权重维度: (5, 1)
2025-11-08 16:08:21,619 - __main__ - INFO - 迭代 0, 损失: 0.436495
2025-11-08 16:08:21,627 - __main__ - INFO - 迭代 500, 损失: 0.007961
2025-11-08 16:08:21,631 - __main__ - INFO - batch梯度下降训练完成，最终损失: 0.004892
2025-11-08 16:08:21,631 - __main__ - INFO - 训练 stochastic 梯度下降模型...
2025-11-08 16:08:21,631 - __main__ - INFO - 开始stochastic梯度下降训练...
2025-11-08 16:08:21,631 - __main__ - INFO - 参数初始化完成，权重维度: (5, 1)
2025-11-08 16:08:21,631 - __main__ - INFO - 迭代 0, 损失: 0.421795
2025-11-08 16:08:21,633 - __main__ - INFO - 迭代 500, 损失: 0.006803
2025-11-08 16:08:21,635 - __main__ - INFO - stochastic梯度下降训练完成，最终损失: 0.005088
2025-11-08 16:08:21,635 - __main__ - INFO - 训练 mini_batch 梯度下降模型...
2025-11-08 16:08:21,636 - __main__ - INFO - 开始mini_batch梯度下降训练...
2025-11-08 16:08:21,636 - __main__ - INFO - 参数初始化完成，权重维度: (5, 1)
2025-11-08 16:08:21,636 - __main__ - INFO - 迭代 0, 损失: 0.438819
2025-11-08 16:08:21,641 - __main__ - INFO - 迭代 500, 损失: 0.007907
2025-11-08 16:08:21,647 - __main__ - INFO - mini_batch梯度下降训练完成，最终损失: 0.004710
2025-11-08 16:08:21,885 - __main__ - INFO - 训练历史图表已保存至: house_price_data/plots/house_price_training_history.png
2025-11-08 16:08:21,885 - __main__ - INFO - 绘图数据已保存至: house_price_data/plots/training_history_data.json
2025-11-08 16:08:21,886 - __main__ - INFO - 参数初始化完成，权重维度: (5, 1)
2025-11-08 16:08:21,886 - __main__ - INFO - 开始batch梯度下降训练...
2025-11-08 16:08:21,886 - __main__ - INFO - 参数初始化完成，权重维度: (5, 1)
2025-11-08 16:08:21,886 - __main__ - INFO - 迭代 0, 损失: 0.436495
2025-11-08 16:08:21,889 - __main__ - INFO - 迭代 500, 损失: 0.007961
2025-11-08 16:08:21,893 - __main__ - INFO - batch梯度下降训练完成，最终损失: 0.004892
2025-11-08 16:08:21,894 - __main__ - INFO - 模型评估结果:
2025-11-08 16:08:21,894 - __main__ - INFO - MSE: 61.8507
2025-11-08 16:08:21,894 - __main__ - INFO - MAE: 5.8262
2025-11-08 16:08:21,894 - __main__ - INFO - RMSE: 7.8645
2025-11-08 16:08:21,894 - __main__ - INFO - R²: 0.9905
2025-11-08 16:08:22,589 - __main__ - INFO - 预测结果图表已保存至: house_price_data/plots/house_price_predictions.png
2025-11-08 16:08:22,589 - __main__ - INFO - 绘图数据已保存至: house_price_data/evaluation_data/prediction_results_data.json
2025-11-08 16:08:23,014 - __main__ - INFO - 特征重要性分析图表已保存至: house_price_data/plots/house_price_feature_importance.png
2025-11-08 16:08:23,014 - __main__ - INFO - 绘图数据已保存至: house_price_data/feature_analysis/feature_importance_data.json
2025-11-08 16:08:23,014 - __main__ - INFO - 特征重要性分析:
2025-11-08 16:08:23,014 - __main__ - INFO - area: 权重=0.5070 (正向影响)
2025-11-08 16:08:23,014 - __main__ - INFO - room_num: 权重=0.2245 (正向影响)
2025-11-08 16:08:23,014 - __main__ - INFO - living_room_num: 权重=0.0914 (正向影响)
2025-11-08 16:08:23,014 - __main__ - INFO - floor: 权重=0.1819 (正向影响)
2025-11-08 16:08:23,014 - __main__ - INFO - distance_subway: 权重=-0.0328 (负向影响)
2025-11-08 16:08:23,015 - __main__ - INFO - 绘图数据已保存至: house_price_data/training_data/model_training_data.json
2025-11-08 16:08:23,015 - __main__ - INFO - ==================================================
2025-11-08 16:08:23,015 - __main__ - INFO - 城市二手房房价预测系统运行完成
2025-11-08 16:08:23,015 - __main__ - INFO - ==================================================
2025-11-08 16:08:23,015 - __main__ - INFO - 模型评估指标:
2025-11-08 16:08:23,015 - __main__ - INFO - MSE: 61.8507
2025-11-08 16:08:23,015 - __main__ - INFO - MAE: 5.8262
2025-11-08 16:08:23,015 - __main__ - INFO - RMSE: 7.8645
2025-11-08 16:08:23,015 - __main__ - INFO - R²: 0.9905
2025-11-08 16:08:23,015 - __main__ - INFO - 特征重要性分析:
2025-11-08 16:08:23,015 - __main__ - INFO - area: 正向影响房价，权重系数为0.5070
2025-11-08 16:08:23,015 - __main__ - INFO - room_num: 正向影响房价，权重系数为0.2245
2025-11-08 16:08:23,015 - __main__ - INFO - living_room_num: 正向影响房价，权重系数为0.0914
2025-11-08 16:08:23,015 - __main__ - INFO - floor: 正向影响房价，权重系数为0.1819
2025-11-08 16:08:23,015 - __main__ - INFO - distance_subway: 负向影响房价，权重系数为-0.0328
2025-11-10 16:24:16,907 - __main__ - INFO - 开始运行城市二手房房价预测系统
2025-11-10 16:24:16,907 - __main__ - INFO - 创建目录: house_price_data
2025-11-10 16:24:16,907 - __main__ - INFO - 创建目录: house_price_data/plots
2025-11-10 16:24:16,907 - __main__ - INFO - 创建目录: house_price_data/training_data
2025-11-10 16:24:16,907 - __main__ - INFO - 创建目录: house_price_data/evaluation_data
2025-11-10 16:24:16,907 - __main__ - INFO - 创建目录: house_price_data/feature_analysis
2025-11-10 16:24:16,907 - __main__ - INFO - 房价预测器初始化完成
2025-11-10 16:24:16,913 - __main__ - INFO - 成功加载数据，样本数量: 653
2025-11-10 16:24:16,913 - __main__ - INFO - 开始数据预处理...
2025-11-10 16:24:16,915 - __main__ - INFO - 模拟设置了 13 个缺失值
2025-11-10 16:24:16,915 - __main__ - INFO - 缺失值处理完成，当前样本数: 653
2025-11-10 16:24:16,916 - __main__ - INFO - 移除了 3 个异常值样本（面积 > 200m²）
2025-11-10 16:24:16,916 - __main__ - INFO - 异常值处理完成，当前样本数: 650
2025-11-10 16:24:16,917 - __main__ - INFO - 数据预处理完成
2025-11-10 16:24:16,918 - __main__ - INFO - 训练集大小: 520, 测试集大小: 130
2025-11-10 16:24:17,179 - __main__ - INFO - 绘图数据已保存至: house_price_data/plots/house_price_correlation_analysis_data.json
2025-11-10 16:24:17,366 - matplotlib.text - WARNING - posx and posy should be finite values
2025-11-10 16:24:17,366 - matplotlib.text - WARNING - posx and posy should be finite values
2025-11-10 16:24:17,367 - matplotlib.text - WARNING - posx and posy should be finite values
2025-11-10 16:24:17,367 - matplotlib.text - WARNING - posx and posy should be finite values
2025-11-10 16:24:17,367 - matplotlib.text - WARNING - posx and posy should be finite values
2025-11-10 16:24:17,596 - matplotlib.text - WARNING - posx and posy should be finite values
2025-11-10 16:24:17,596 - matplotlib.text - WARNING - posx and posy should be finite values
2025-11-10 16:24:17,596 - matplotlib.text - WARNING - posx and posy should be finite values
2025-11-10 16:24:17,596 - matplotlib.text - WARNING - posx and posy should be finite values
2025-11-10 16:24:17,596 - matplotlib.text - WARNING - posx and posy should be finite values
2025-11-10 16:24:18,247 - __main__ - INFO - 数据分析图表已保存至: house_price_data/plots/house_price_data_analysis.png
2025-11-10 16:24:18,700 - matplotlib.text - WARNING - posx and posy should be finite values
2025-11-10 16:24:18,700 - matplotlib.text - WARNING - posx and posy should be finite values
2025-11-10 16:24:18,700 - matplotlib.text - WARNING - posx and posy should be finite values
2025-11-10 16:24:18,700 - matplotlib.text - WARNING - posx and posy should be finite values
2025-11-10 16:24:18,700 - matplotlib.text - WARNING - posx and posy should be finite values
2025-11-10 16:26:20,598 - __main__ - INFO - 开始运行城市二手房房价预测系统
2025-11-10 16:26:20,598 - __main__ - INFO - 创建目录: house_price_data
2025-11-10 16:26:20,598 - __main__ - INFO - 创建目录: house_price_data/plots
2025-11-10 16:26:20,598 - __main__ - INFO - 创建目录: house_price_data/training_data
2025-11-10 16:26:20,598 - __main__ - INFO - 创建目录: house_price_data/evaluation_data
2025-11-10 16:26:20,598 - __main__ - INFO - 创建目录: house_price_data/feature_analysis
2025-11-10 16:26:20,598 - __main__ - INFO - 房价预测器初始化完成
2025-11-10 16:26:20,600 - __main__ - INFO - 成功加载数据，样本数量: 653
2025-11-10 16:26:20,600 - __main__ - INFO - 开始数据预处理...
2025-11-10 16:26:20,601 - __main__ - INFO - 模拟设置了 13 个缺失值
2025-11-10 16:26:20,603 - __main__ - INFO - 缺失值处理完成，当前样本数: 653
2025-11-10 16:26:20,604 - __main__ - INFO - 移除了 3 个异常值样本（面积 > 200m²）
2025-11-10 16:26:20,605 - __main__ - INFO - 异常值处理完成，当前样本数: 650
2025-11-10 16:26:20,606 - __main__ - INFO - 数据预处理完成
2025-11-10 16:26:20,606 - __main__ - INFO - 训练集大小: 520, 测试集大小: 130
2025-11-10 16:26:20,940 - __main__ - INFO - 绘图数据已保存至: house_price_data/plots/house_price_correlation_analysis_data.json
2025-11-10 16:26:21,698 - __main__ - INFO - 数据分析图表已保存至: house_price_data/plots/house_price_data_analysis.png
2025-11-10 16:26:26,527 - __main__ - INFO - 训练 batch 梯度下降模型...
2025-11-10 16:26:26,528 - __main__ - INFO - 开始batch梯度下降训练...
2025-11-10 16:26:26,528 - __main__ - INFO - 参数初始化完成，权重维度: (5, 1)
2025-11-10 16:26:26,528 - __main__ - INFO - 迭代 0, 损失: 0.436495
2025-11-10 16:26:26,531 - __main__ - INFO - 迭代 500, 损失: 0.007961
2025-11-10 16:26:26,534 - __main__ - INFO - batch梯度下降训练完成，最终损失: 0.004892
2025-11-10 16:26:26,534 - __main__ - INFO - 训练 stochastic 梯度下降模型...
2025-11-10 16:26:26,534 - __main__ - INFO - 开始stochastic梯度下降训练...
2025-11-10 16:26:26,534 - __main__ - INFO - 参数初始化完成，权重维度: (5, 1)
2025-11-10 16:26:26,535 - __main__ - INFO - 迭代 0, 损失: 0.421795
2025-11-10 16:26:26,537 - __main__ - INFO - 迭代 500, 损失: 0.006803
2025-11-10 16:26:26,540 - __main__ - INFO - stochastic梯度下降训练完成，最终损失: 0.005088
2025-11-10 16:26:26,540 - __main__ - INFO - 训练 mini_batch 梯度下降模型...
2025-11-10 16:26:26,540 - __main__ - INFO - 开始mini_batch梯度下降训练...
2025-11-10 16:26:26,540 - __main__ - INFO - 参数初始化完成，权重维度: (5, 1)
2025-11-10 16:26:26,540 - __main__ - INFO - 迭代 0, 损失: 0.438819
2025-11-10 16:26:26,547 - __main__ - INFO - 迭代 500, 损失: 0.007907
2025-11-10 16:26:26,554 - __main__ - INFO - mini_batch梯度下降训练完成，最终损失: 0.004710
2025-11-10 16:26:26,740 - __main__ - INFO - 训练历史图表已保存至: house_price_data/plots/house_price_training_history.png
2025-11-10 16:26:26,740 - __main__ - INFO - 绘图数据已保存至: house_price_data/plots/training_history_data.json
2025-11-10 16:26:26,740 - __main__ - INFO - 参数初始化完成，权重维度: (5, 1)
2025-11-10 16:26:26,740 - __main__ - INFO - 开始batch梯度下降训练...
2025-11-10 16:26:26,740 - __main__ - INFO - 参数初始化完成，权重维度: (5, 1)
2025-11-10 16:26:26,740 - __main__ - INFO - 迭代 0, 损失: 0.436495
2025-11-10 16:26:26,742 - __main__ - INFO - 迭代 500, 损失: 0.007961
2025-11-10 16:26:26,745 - __main__ - INFO - batch梯度下降训练完成，最终损失: 0.004892
2025-11-10 16:26:26,745 - __main__ - INFO - 模型评估结果:
2025-11-10 16:26:26,745 - __main__ - INFO - MSE: 61.8507
2025-11-10 16:26:26,745 - __main__ - INFO - MAE: 5.8262
2025-11-10 16:26:26,745 - __main__ - INFO - RMSE: 7.8645
2025-11-10 16:26:26,745 - __main__ - INFO - R²: 0.9905
2025-11-10 16:26:27,157 - __main__ - INFO - 预测结果图表已保存至: house_price_data/plots/house_price_predictions.png
2025-11-10 16:26:27,158 - __main__ - INFO - 绘图数据已保存至: house_price_data/evaluation_data/prediction_results_data.json
2025-11-10 16:26:27,384 - __main__ - INFO - 特征重要性分析图表已保存至: house_price_data/plots/house_price_feature_importance.png
2025-11-10 16:26:27,384 - __main__ - INFO - 绘图数据已保存至: house_price_data/feature_analysis/feature_importance_data.json
2025-11-10 16:26:27,385 - __main__ - INFO - 特征重要性分析:
2025-11-10 16:26:27,385 - __main__ - INFO - area: 权重=0.5070 (正向影响)
2025-11-10 16:26:27,385 - __main__ - INFO - room_num: 权重=0.2245 (正向影响)
2025-11-10 16:26:27,385 - __main__ - INFO - living_room_num: 权重=0.0914 (正向影响)
2025-11-10 16:26:27,385 - __main__ - INFO - floor: 权重=0.1819 (正向影响)
2025-11-10 16:26:27,385 - __main__ - INFO - distance_subway: 权重=-0.0328 (负向影响)
2025-11-10 16:26:27,385 - __main__ - INFO - 绘图数据已保存至: house_price_data/training_data/model_training_data.json
2025-11-10 16:26:27,385 - __main__ - INFO - ==================================================
2025-11-10 16:26:27,385 - __main__ - INFO - 城市二手房房价预测系统运行完成
2025-11-10 16:26:27,385 - __main__ - INFO - ==================================================
2025-11-10 16:26:27,385 - __main__ - INFO - 模型评估指标:
2025-11-10 16:26:27,385 - __main__ - INFO - MSE: 61.8507
2025-11-10 16:26:27,385 - __main__ - INFO - MAE: 5.8262
2025-11-10 16:26:27,385 - __main__ - INFO - RMSE: 7.8645
2025-11-10 16:26:27,385 - __main__ - INFO - R²: 0.9905
2025-11-10 16:26:27,385 - __main__ - INFO - 特征重要性分析:
2025-11-10 16:26:27,385 - __main__ - INFO - area: 正向影响房价，权重系数为0.5070
2025-11-10 16:26:27,385 - __main__ - INFO - room_num: 正向影响房价，权重系数为0.2245
2025-11-10 16:26:27,385 - __main__ - INFO - living_room_num: 正向影响房价，权重系数为0.0914
2025-11-10 16:26:27,385 - __main__ - INFO - floor: 正向影响房价，权重系数为0.1819
2025-11-10 16:26:27,385 - __main__ - INFO - distance_subway: 负向影响房价，权重系数为-0.0328
