2025-11-08 15:58:14,515 - __main__ - INFO - 开始运行电商产品销量预测系统
2025-11-08 15:58:18,677 - __main__ - INFO - 开始运行电商产品销量预测系统
2025-11-08 15:58:18,677 - __main__ - INFO - 销量预测器初始化完成
2025-11-08 15:58:18,680 - __main__ - INFO - 成功加载数据，样本数量: 56
2025-11-08 15:58:18,680 - __main__ - INFO - 开始数据预处理...
2025-11-08 15:58:18,682 - __main__ - INFO - 时间特征提取完成：月份和星期特征
2025-11-08 15:58:18,683 - __main__ - INFO - 数据预处理完成
2025-11-08 15:58:18,683 - __main__ - INFO - 训练集大小: 38, 验证集大小: 9, 测试集大小: 9
2025-11-08 15:58:18,778 - __main__ - ERROR - 程序运行出错: "['month', 'weekday'] not in index"
2025-11-08 15:58:23,362 - __main__ - INFO - 开始运行电商产品销量预测系统
2025-11-08 15:58:23,362 - __main__ - INFO - 销量预测器初始化完成
2025-11-08 15:58:23,364 - __main__ - INFO - 成功加载数据，样本数量: 56
2025-11-08 15:58:23,364 - __main__ - INFO - 开始数据预处理...
2025-11-08 15:58:23,365 - __main__ - INFO - 时间特征提取完成：月份和星期特征
2025-11-08 15:58:23,366 - __main__ - INFO - 数据预处理完成
2025-11-08 15:58:23,366 - __main__ - INFO - 训练集大小: 38, 验证集大小: 9, 测试集大小: 9
2025-11-08 15:58:23,367 - __main__ - INFO - 时间特征提取完成：月份和星期特征
2025-11-08 15:58:23,970 - __main__ - INFO - 相关性分析图表已保存至: sales_correlation_analysis.png
2025-11-08 15:58:25,765 - __main__ - INFO - 特征相关性分析:
2025-11-08 15:58:25,766 - __main__ - INFO - ad_spend: 正相关 (强相关), 相关系数=0.969
2025-11-08 15:58:25,767 - __main__ - INFO - promotion: 正相关 (强相关), 相关系数=0.925
2025-11-08 15:58:25,767 - __main__ - INFO - price: 负相关 (强相关), 相关系数=-0.849
2025-11-08 15:58:25,767 - __main__ - INFO - holiday: 正相关 (强相关), 相关系数=0.623
2025-11-08 15:58:25,767 - __main__ - INFO - user_rating: 正相关 (强相关), 相关系数=0.586
2025-11-08 15:58:25,767 - __main__ - INFO - weekday: 负相关 (弱相关), 相关系数=-0.018
2025-11-08 15:58:25,767 - __main__ - INFO - month: 正相关 (弱相关), 相关系数=0.004
2025-11-08 15:58:25,767 - __main__ - INFO - 开始训练Ridge回归模型，不同λ值对比...
2025-11-08 15:58:25,774 - __main__ - INFO - λ=0.01: 验证集R²=0.9543, RMSE=13.0639
2025-11-08 15:58:25,776 - __main__ - INFO - λ=0.1: 验证集R²=0.9629, RMSE=11.7662
2025-11-08 15:58:25,777 - __main__ - INFO - λ=1: 验证集R²=0.9678, RMSE=10.9721
2025-11-08 15:58:25,777 - __main__ - INFO - λ=10: 验证集R²=0.9393, RMSE=15.0562
2025-11-08 15:58:25,778 - __main__ - INFO - λ=100: 验证集R²=0.9269, RMSE=16.5290
2025-11-08 15:58:25,778 - __main__ - INFO - 最佳模型: λ=1, 验证集R²=0.9678
2025-11-08 15:58:25,819 - __main__ - ERROR - 程序运行出错: name 'X_train' is not defined
2025-11-08 15:58:32,179 - __main__ - INFO - 开始运行电商产品销量预测系统
2025-11-08 15:58:32,179 - __main__ - INFO - 销量预测器初始化完成
2025-11-08 15:58:32,182 - __main__ - INFO - 成功加载数据，样本数量: 56
2025-11-08 15:58:32,182 - __main__ - INFO - 开始数据预处理...
2025-11-08 15:58:32,183 - __main__ - INFO - 时间特征提取完成：月份和星期特征
2025-11-08 15:58:32,184 - __main__ - INFO - 数据预处理完成
2025-11-08 15:58:32,184 - __main__ - INFO - 训练集大小: 38, 验证集大小: 9, 测试集大小: 9
2025-11-08 15:58:32,184 - __main__ - INFO - 时间特征提取完成：月份和星期特征
2025-11-08 15:58:32,764 - __main__ - INFO - 相关性分析图表已保存至: sales_correlation_analysis.png
2025-11-08 15:58:35,073 - __main__ - INFO - 特征相关性分析:
2025-11-08 15:58:35,074 - __main__ - INFO - ad_spend: 正相关 (强相关), 相关系数=0.969
2025-11-08 15:58:35,074 - __main__ - INFO - promotion: 正相关 (强相关), 相关系数=0.925
2025-11-08 15:58:35,074 - __main__ - INFO - price: 负相关 (强相关), 相关系数=-0.849
2025-11-08 15:58:35,074 - __main__ - INFO - holiday: 正相关 (强相关), 相关系数=0.623
2025-11-08 15:58:35,074 - __main__ - INFO - user_rating: 正相关 (强相关), 相关系数=0.586
2025-11-08 15:58:35,074 - __main__ - INFO - weekday: 负相关 (弱相关), 相关系数=-0.018
2025-11-08 15:58:35,074 - __main__ - INFO - month: 正相关 (弱相关), 相关系数=0.004
2025-11-08 15:58:35,074 - __main__ - INFO - 开始训练Ridge回归模型，不同λ值对比...
2025-11-08 15:58:35,076 - __main__ - INFO - λ=0.01: 验证集R²=0.9543, RMSE=13.0639
2025-11-08 15:58:35,077 - __main__ - INFO - λ=0.1: 验证集R²=0.9629, RMSE=11.7662
2025-11-08 15:58:35,077 - __main__ - INFO - λ=1: 验证集R²=0.9678, RMSE=10.9721
2025-11-08 15:58:35,078 - __main__ - INFO - λ=10: 验证集R²=0.9393, RMSE=15.0562
2025-11-08 15:58:35,079 - __main__ - INFO - λ=100: 验证集R²=0.9269, RMSE=16.5290
2025-11-08 15:58:35,079 - __main__ - INFO - 最佳模型: λ=1, 验证集R²=0.9678
2025-11-08 15:58:35,905 - __main__ - INFO - λ值对比分析图表已保存至: sales_lambda_comparison.png
2025-11-08 15:58:37,772 - __main__ - ERROR - 程序运行出错: name 'X_train' is not defined
2025-11-08 15:58:46,936 - __main__ - INFO - 开始运行电商产品销量预测系统
2025-11-08 15:58:46,937 - __main__ - INFO - 销量预测器初始化完成
2025-11-08 15:58:46,939 - __main__ - INFO - 成功加载数据，样本数量: 56
2025-11-08 15:58:46,939 - __main__ - INFO - 开始数据预处理...
2025-11-08 15:58:46,940 - __main__ - INFO - 时间特征提取完成：月份和星期特征
2025-11-08 15:58:46,941 - __main__ - INFO - 数据预处理完成
2025-11-08 15:58:46,941 - __main__ - INFO - 训练集大小: 38, 验证集大小: 9, 测试集大小: 9
2025-11-08 15:58:46,942 - __main__ - INFO - 时间特征提取完成：月份和星期特征
2025-11-08 15:58:47,561 - __main__ - INFO - 相关性分析图表已保存至: sales_correlation_analysis.png
2025-11-08 15:58:54,014 - __main__ - INFO - 特征相关性分析:
2025-11-08 15:58:54,015 - __main__ - INFO - ad_spend: 正相关 (强相关), 相关系数=0.969
2025-11-08 15:58:54,015 - __main__ - INFO - promotion: 正相关 (强相关), 相关系数=0.925
2025-11-08 15:58:54,015 - __main__ - INFO - price: 负相关 (强相关), 相关系数=-0.849
2025-11-08 15:58:54,015 - __main__ - INFO - holiday: 正相关 (强相关), 相关系数=0.623
2025-11-08 15:58:54,015 - __main__ - INFO - user_rating: 正相关 (强相关), 相关系数=0.586
2025-11-08 15:58:54,015 - __main__ - INFO - weekday: 负相关 (弱相关), 相关系数=-0.018
2025-11-08 15:58:54,015 - __main__ - INFO - month: 正相关 (弱相关), 相关系数=0.004
2025-11-08 15:58:54,015 - __main__ - INFO - 开始训练Ridge回归模型，不同λ值对比...
2025-11-08 15:58:54,017 - __main__ - INFO - λ=0.01: 验证集R²=0.9543, RMSE=13.0639
2025-11-08 15:58:54,018 - __main__ - INFO - λ=0.1: 验证集R²=0.9629, RMSE=11.7662
2025-11-08 15:58:54,018 - __main__ - INFO - λ=1: 验证集R²=0.9678, RMSE=10.9721
2025-11-08 15:58:54,019 - __main__ - INFO - λ=10: 验证集R²=0.9393, RMSE=15.0562
2025-11-08 15:58:54,019 - __main__ - INFO - λ=100: 验证集R²=0.9269, RMSE=16.5290
2025-11-08 15:58:54,019 - __main__ - INFO - 最佳模型: λ=1, 验证集R²=0.9678
2025-11-08 15:58:54,851 - __main__ - INFO - λ值对比分析图表已保存至: sales_lambda_comparison.png
2025-11-08 15:59:16,130 - __main__ - INFO - 开始运行电商产品销量预测系统
2025-11-08 15:59:16,130 - __main__ - INFO - 销量预测器初始化完成
2025-11-08 15:59:16,136 - __main__ - INFO - 成功加载数据，样本数量: 56
2025-11-08 15:59:16,136 - __main__ - INFO - 开始数据预处理...
2025-11-08 15:59:16,140 - __main__ - INFO - 时间特征提取完成：月份和星期特征
2025-11-08 15:59:16,142 - __main__ - INFO - 数据预处理完成
2025-11-08 15:59:16,142 - __main__ - INFO - 训练集大小: 38, 验证集大小: 9, 测试集大小: 9
2025-11-08 15:59:16,143 - __main__ - INFO - 时间特征提取完成：月份和星期特征
2025-11-08 15:59:16,736 - __main__ - INFO - 相关性分析图表已保存至: sales_correlation_analysis.png
2025-11-08 15:59:16,737 - __main__ - INFO - 特征相关性分析:
2025-11-08 15:59:16,737 - __main__ - INFO - ad_spend: 正相关 (强相关), 相关系数=0.969
2025-11-08 15:59:16,737 - __main__ - INFO - promotion: 正相关 (强相关), 相关系数=0.925
2025-11-08 15:59:16,737 - __main__ - INFO - price: 负相关 (强相关), 相关系数=-0.849
2025-11-08 15:59:16,737 - __main__ - INFO - holiday: 正相关 (强相关), 相关系数=0.623
2025-11-08 15:59:16,738 - __main__ - INFO - user_rating: 正相关 (强相关), 相关系数=0.586
2025-11-08 15:59:16,738 - __main__ - INFO - weekday: 负相关 (弱相关), 相关系数=-0.018
2025-11-08 15:59:16,738 - __main__ - INFO - month: 正相关 (弱相关), 相关系数=0.004
2025-11-08 15:59:16,738 - __main__ - INFO - 开始训练Ridge回归模型，不同λ值对比...
2025-11-08 15:59:16,740 - __main__ - INFO - λ=0.01: 验证集R²=0.9543, RMSE=13.0639
2025-11-08 15:59:16,740 - __main__ - INFO - λ=0.1: 验证集R²=0.9629, RMSE=11.7662
2025-11-08 15:59:16,741 - __main__ - INFO - λ=1: 验证集R²=0.9678, RMSE=10.9721
2025-11-08 15:59:16,741 - __main__ - INFO - λ=10: 验证集R²=0.9393, RMSE=15.0562
2025-11-08 15:59:16,741 - __main__ - INFO - λ=100: 验证集R²=0.9269, RMSE=16.5290
2025-11-08 15:59:16,741 - __main__ - INFO - 最佳模型: λ=1, 验证集R²=0.9678
2025-11-08 15:59:17,558 - __main__ - INFO - λ值对比分析图表已保存至: sales_lambda_comparison.png
2025-11-08 15:59:18,237 - __main__ - INFO - 特征重要性分析图表已保存至: sales_feature_importance.png
2025-11-08 15:59:18,237 - __main__ - INFO - 测试集评估结果:
2025-11-08 15:59:18,237 - __main__ - INFO - MSE: 127.9209
2025-11-08 15:59:18,237 - __main__ - INFO - RMSE: 11.3102
2025-11-08 15:59:18,237 - __main__ - INFO - R²: 0.9872
2025-11-08 15:59:18,928 - __main__ - INFO - 预测结果图表已保存至: sales_predictions.png
2025-11-08 15:59:18,928 - __main__ - INFO - ============================================================
2025-11-08 15:59:18,928 - __main__ - INFO - 业务分析和运营建议
2025-11-08 15:59:18,928 - __main__ - INFO - ============================================================
2025-11-08 15:59:18,928 - __main__ - INFO - 各特征对销量的影响分析:
2025-11-08 15:59:18,928 - __main__ - INFO - • price: 权重=-0.0710, 价格每上涨1元，销量减少.0f
2025-11-08 15:59:18,928 - __main__ - INFO - • promotion: 权重=30.9562, 促销期间销量相比不促销.0f
2025-11-08 15:59:18,928 - __main__ - INFO - • ad_spend: 权重=0.0684, 广告投入每增加1元，销量.0f
2025-11-08 15:59:18,928 - __main__ - INFO - • user_rating: 权重=8.3724, 用户评分每提高0.1分，销量.0f
2025-11-08 15:59:18,928 - __main__ - INFO - • holiday: 权重=38.0508, 节假日销量相比工作日.0f
2025-11-08 15:59:18,928 - __main__ - INFO - • month: 权重=-4.4902, 月份增加1个月，销量.0f
2025-11-08 15:59:18,928 - __main__ - INFO - • weekday: 权重=-1.2190, 星期数增加1天，销量.0f
2025-11-08 15:59:18,928 - __main__ - INFO - 
运营策略建议:
2025-11-08 15:59:18,928 - __main__ - INFO - • 建议增加促销活动频率，促销对销量有显著正向影响
2025-11-08 15:59:18,928 - __main__ - INFO - • 增加广告投入可以有效提升销量，建议优化广告策略
2025-11-08 15:59:18,928 - __main__ - INFO - • 建议适度调整价格策略，当前价格对销量有负向影响
2025-11-08 15:59:18,928 - __main__ - INFO - • 节假日销量更高，建议在节假日加大促销和广告投入
2025-11-08 15:59:18,928 - __main__ - INFO - • 提升产品品质和服务可以提高销量，建议关注用户评价
2025-11-08 15:59:18,928 - __main__ - INFO - 
最佳正则化参数: λ=1
2025-11-08 15:59:18,928 - __main__ - INFO - 该参数在防止过拟合和保持模型性能之间取得了最佳平衡
2025-11-08 15:59:18,928 - __main__ - INFO - ============================================================
2025-11-08 15:59:18,928 - __main__ - INFO - 电商产品销量预测系统运行完成
2025-11-08 15:59:18,928 - __main__ - INFO - ============================================================
2025-11-08 15:59:18,928 - __main__ - INFO - 模型性能指标:
2025-11-08 15:59:18,928 - __main__ - INFO - MSE: 127.9209
2025-11-08 15:59:18,928 - __main__ - INFO - RMSE: 11.3102
2025-11-08 15:59:18,928 - __main__ - INFO - R²: 0.9872
2025-11-08 16:01:33,893 - __main__ - INFO - 开始运行电商产品销量预测系统
2025-11-08 16:01:33,893 - __main__ - INFO - 创建目录: product_sales_data
2025-11-08 16:01:33,893 - __main__ - INFO - 创建目录: product_sales_data/plots
2025-11-08 16:01:33,893 - __main__ - INFO - 创建目录: product_sales_data/training_data
2025-11-08 16:01:33,894 - __main__ - INFO - 创建目录: product_sales_data/evaluation_data
2025-11-08 16:01:33,894 - __main__ - INFO - 创建目录: product_sales_data/feature_analysis
2025-11-08 16:01:33,894 - __main__ - INFO - 销量预测器初始化完成
2025-11-08 16:01:33,896 - __main__ - INFO - 成功加载数据，样本数量: 56
2025-11-08 16:01:33,896 - __main__ - INFO - 开始数据预处理...
2025-11-08 16:01:33,899 - __main__ - INFO - 时间特征提取完成：月份和星期特征
2025-11-08 16:01:33,901 - __main__ - INFO - 数据预处理完成
2025-11-08 16:01:33,901 - __main__ - INFO - 训练集大小: 38, 验证集大小: 9, 测试集大小: 9
2025-11-08 16:01:33,901 - __main__ - INFO - 时间特征提取完成：月份和星期特征
2025-11-08 16:01:34,493 - __main__ - INFO - 相关性分析图表已保存至: product_sales_data/plots/sales_correlation_analysis.png
2025-11-08 16:01:34,493 - __main__ - INFO - 特征相关性分析:
2025-11-08 16:01:34,493 - __main__ - INFO - ad_spend: 正相关 (强相关), 相关系数=0.969
2025-11-08 16:01:34,493 - __main__ - INFO - promotion: 正相关 (强相关), 相关系数=0.925
2025-11-08 16:01:34,493 - __main__ - INFO - price: 负相关 (强相关), 相关系数=-0.849
2025-11-08 16:01:34,494 - __main__ - INFO - holiday: 正相关 (强相关), 相关系数=0.623
2025-11-08 16:01:34,494 - __main__ - INFO - user_rating: 正相关 (强相关), 相关系数=0.586
2025-11-08 16:01:34,494 - __main__ - INFO - weekday: 负相关 (弱相关), 相关系数=-0.018
2025-11-08 16:01:34,494 - __main__ - INFO - month: 正相关 (弱相关), 相关系数=0.004
2025-11-08 16:01:34,494 - __main__ - INFO - 开始训练Ridge回归模型，不同λ值对比...
2025-11-08 16:01:34,498 - __main__ - INFO - λ=0.01: 验证集R²=0.9543, RMSE=13.0639
2025-11-08 16:01:34,499 - __main__ - INFO - λ=0.1: 验证集R²=0.9629, RMSE=11.7662
2025-11-08 16:01:34,499 - __main__ - INFO - λ=1: 验证集R²=0.9678, RMSE=10.9721
2025-11-08 16:01:34,500 - __main__ - INFO - λ=10: 验证集R²=0.9393, RMSE=15.0562
2025-11-08 16:01:34,501 - __main__ - INFO - λ=100: 验证集R²=0.9269, RMSE=16.5290
2025-11-08 16:01:34,501 - __main__ - INFO - 最佳模型: λ=1, 验证集R²=0.9678
2025-11-08 16:01:34,522 - __main__ - ERROR - 程序运行出错: cannot access local variable 'weights_matrix' where it is not associated with a value
2025-11-08 16:01:43,239 - __main__ - INFO - 开始运行电商产品销量预测系统
2025-11-08 16:01:43,240 - __main__ - INFO - 创建目录: product_sales_data
2025-11-08 16:01:43,240 - __main__ - INFO - 创建目录: product_sales_data/plots
2025-11-08 16:01:43,240 - __main__ - INFO - 创建目录: product_sales_data/training_data
2025-11-08 16:01:43,240 - __main__ - INFO - 创建目录: product_sales_data/evaluation_data
2025-11-08 16:01:43,240 - __main__ - INFO - 创建目录: product_sales_data/feature_analysis
2025-11-08 16:01:43,240 - __main__ - INFO - 销量预测器初始化完成
2025-11-08 16:01:43,242 - __main__ - INFO - 成功加载数据，样本数量: 56
2025-11-08 16:01:43,242 - __main__ - INFO - 开始数据预处理...
2025-11-08 16:01:43,244 - __main__ - INFO - 时间特征提取完成：月份和星期特征
2025-11-08 16:01:43,244 - __main__ - INFO - 数据预处理完成
2025-11-08 16:01:43,244 - __main__ - INFO - 训练集大小: 38, 验证集大小: 9, 测试集大小: 9
2025-11-08 16:01:43,245 - __main__ - INFO - 时间特征提取完成：月份和星期特征
2025-11-08 16:01:43,845 - __main__ - INFO - 相关性分析图表已保存至: product_sales_data/plots/sales_correlation_analysis.png
2025-11-08 16:01:43,845 - __main__ - INFO - 特征相关性分析:
2025-11-08 16:01:43,846 - __main__ - INFO - ad_spend: 正相关 (强相关), 相关系数=0.969
2025-11-08 16:01:43,846 - __main__ - INFO - promotion: 正相关 (强相关), 相关系数=0.925
2025-11-08 16:01:43,846 - __main__ - INFO - price: 负相关 (强相关), 相关系数=-0.849
2025-11-08 16:01:43,846 - __main__ - INFO - holiday: 正相关 (强相关), 相关系数=0.623
2025-11-08 16:01:43,846 - __main__ - INFO - user_rating: 正相关 (强相关), 相关系数=0.586
2025-11-08 16:01:43,846 - __main__ - INFO - weekday: 负相关 (弱相关), 相关系数=-0.018
2025-11-08 16:01:43,846 - __main__ - INFO - month: 正相关 (弱相关), 相关系数=0.004
2025-11-08 16:01:43,846 - __main__ - INFO - 开始训练Ridge回归模型，不同λ值对比...
2025-11-08 16:01:43,848 - __main__ - INFO - λ=0.01: 验证集R²=0.9543, RMSE=13.0639
2025-11-08 16:01:43,848 - __main__ - INFO - λ=0.1: 验证集R²=0.9629, RMSE=11.7662
2025-11-08 16:01:43,848 - __main__ - INFO - λ=1: 验证集R²=0.9678, RMSE=10.9721
2025-11-08 16:01:43,849 - __main__ - INFO - λ=10: 验证集R²=0.9393, RMSE=15.0562
2025-11-08 16:01:43,849 - __main__ - INFO - λ=100: 验证集R²=0.9269, RMSE=16.5290
2025-11-08 16:01:43,849 - __main__ - INFO - 最佳模型: λ=1, 验证集R²=0.9678
2025-11-08 16:01:44,688 - __main__ - INFO - λ值对比分析图表已保存至: product_sales_data/plots/sales_lambda_comparison.png
2025-11-08 16:01:44,688 - __main__ - INFO - 绘图数据已保存至: product_sales_data/plots/lambda_comparison_data.json
2025-11-08 16:01:45,361 - __main__ - INFO - 特征重要性分析图表已保存至: product_sales_data/plots/sales_feature_importance.png
2025-11-08 16:01:45,361 - __main__ - INFO - 绘图数据已保存至: product_sales_data/feature_analysis/sales_feature_importance_data.json
2025-11-08 16:01:45,362 - __main__ - INFO - 测试集评估结果:
2025-11-08 16:01:45,362 - __main__ - INFO - MSE: 127.9209
2025-11-08 16:01:45,362 - __main__ - INFO - RMSE: 11.3102
2025-11-08 16:01:45,362 - __main__ - INFO - R²: 0.9872
2025-11-08 16:01:46,042 - __main__ - INFO - 预测结果图表已保存至: product_sales_data/plots/sales_predictions.png
2025-11-08 16:01:46,042 - __main__ - INFO - 绘图数据已保存至: product_sales_data/evaluation_data/sales_prediction_results_data.json
2025-11-08 16:01:46,043 - __main__ - INFO - 绘图数据已保存至: product_sales_data/training_data/sales_model_training_data.json
2025-11-08 16:01:46,043 - __main__ - INFO - ============================================================
2025-11-08 16:01:46,043 - __main__ - INFO - 业务分析和运营建议
2025-11-08 16:01:46,043 - __main__ - INFO - ============================================================
2025-11-08 16:01:46,043 - __main__ - INFO - 各特征对销量的影响分析:
2025-11-08 16:01:46,043 - __main__ - INFO - • price: 权重=-0.0710, 价格每上涨1元，销量减少.0f
2025-11-08 16:01:46,043 - __main__ - INFO - • promotion: 权重=30.9562, 促销期间销量相比不促销.0f
2025-11-08 16:01:46,043 - __main__ - INFO - • ad_spend: 权重=0.0684, 广告投入每增加1元，销量.0f
2025-11-08 16:01:46,043 - __main__ - INFO - • user_rating: 权重=8.3724, 用户评分每提高0.1分，销量.0f
2025-11-08 16:01:46,043 - __main__ - INFO - • holiday: 权重=38.0508, 节假日销量相比工作日.0f
2025-11-08 16:01:46,043 - __main__ - INFO - • month: 权重=-4.4902, 月份增加1个月，销量.0f
2025-11-08 16:01:46,043 - __main__ - INFO - • weekday: 权重=-1.2190, 星期数增加1天，销量.0f
2025-11-08 16:01:46,043 - __main__ - INFO - 
运营策略建议:
2025-11-08 16:01:46,043 - __main__ - INFO - • 建议增加促销活动频率，促销对销量有显著正向影响
2025-11-08 16:01:46,043 - __main__ - INFO - • 增加广告投入可以有效提升销量，建议优化广告策略
2025-11-08 16:01:46,043 - __main__ - INFO - • 建议适度调整价格策略，当前价格对销量有负向影响
2025-11-08 16:01:46,043 - __main__ - INFO - • 节假日销量更高，建议在节假日加大促销和广告投入
2025-11-08 16:01:46,043 - __main__ - INFO - • 提升产品品质和服务可以提高销量，建议关注用户评价
2025-11-08 16:01:46,043 - __main__ - INFO - 
最佳正则化参数: λ=1
2025-11-08 16:01:46,043 - __main__ - INFO - 该参数在防止过拟合和保持模型性能之间取得了最佳平衡
2025-11-08 16:01:46,043 - __main__ - INFO - ============================================================
2025-11-08 16:01:46,043 - __main__ - INFO - 电商产品销量预测系统运行完成
2025-11-08 16:01:46,043 - __main__ - INFO - ============================================================
2025-11-08 16:01:46,043 - __main__ - INFO - 模型性能指标:
2025-11-08 16:01:46,043 - __main__ - INFO - MSE: 127.9209
2025-11-08 16:01:46,043 - __main__ - INFO - RMSE: 11.3102
2025-11-08 16:01:46,043 - __main__ - INFO - R²: 0.9872
2025-11-08 16:05:01,243 - __main__ - INFO - 开始运行电商产品销量预测系统
2025-11-08 16:05:01,245 - __main__ - INFO - 创建目录: product_sales_data
2025-11-08 16:05:01,245 - __main__ - INFO - 创建目录: product_sales_data/plots
2025-11-08 16:05:01,245 - __main__ - INFO - 创建目录: product_sales_data/training_data
2025-11-08 16:05:01,245 - __main__ - INFO - 创建目录: product_sales_data/evaluation_data
2025-11-08 16:05:01,245 - __main__ - INFO - 创建目录: product_sales_data/feature_analysis
2025-11-08 16:05:01,245 - __main__ - INFO - 销量预测器初始化完成
2025-11-08 16:05:01,251 - __main__ - INFO - 成功加载数据，样本数量: 56
2025-11-08 16:05:01,251 - __main__ - INFO - 开始数据预处理...
2025-11-08 16:05:01,257 - __main__ - INFO - 时间特征提取完成：月份和星期特征
2025-11-08 16:05:01,259 - __main__ - INFO - 数据预处理完成
2025-11-08 16:05:01,260 - __main__ - INFO - 训练集大小: 38, 验证集大小: 9, 测试集大小: 9
2025-11-08 16:05:01,261 - __main__ - INFO - 时间特征提取完成：月份和星期特征
2025-11-08 16:05:01,868 - __main__ - INFO - 相关性分析图表已保存至: product_sales_data/plots/sales_correlation_analysis.png
2025-11-08 16:05:01,868 - __main__ - INFO - 特征相关性分析:
2025-11-08 16:05:01,868 - __main__ - INFO - ad_spend: 正相关 (强相关), 相关系数=0.969
2025-11-08 16:05:01,868 - __main__ - INFO - promotion: 正相关 (强相关), 相关系数=0.925
2025-11-08 16:05:01,868 - __main__ - INFO - price: 负相关 (强相关), 相关系数=-0.849
2025-11-08 16:05:01,868 - __main__ - INFO - holiday: 正相关 (强相关), 相关系数=0.623
2025-11-08 16:05:01,868 - __main__ - INFO - user_rating: 正相关 (强相关), 相关系数=0.586
2025-11-08 16:05:01,868 - __main__ - INFO - weekday: 负相关 (弱相关), 相关系数=-0.018
2025-11-08 16:05:01,868 - __main__ - INFO - month: 正相关 (弱相关), 相关系数=0.004
2025-11-08 16:05:01,868 - __main__ - INFO - 开始训练Ridge回归模型，不同λ值对比...
2025-11-08 16:05:01,871 - __main__ - INFO - λ=0.01: 验证集R²=0.9543, RMSE=13.0639
2025-11-08 16:05:01,872 - __main__ - INFO - λ=0.1: 验证集R²=0.9629, RMSE=11.7662
2025-11-08 16:05:01,872 - __main__ - INFO - λ=1: 验证集R²=0.9678, RMSE=10.9721
2025-11-08 16:05:01,873 - __main__ - INFO - λ=10: 验证集R²=0.9393, RMSE=15.0562
2025-11-08 16:05:01,873 - __main__ - INFO - λ=100: 验证集R²=0.9269, RMSE=16.5290
2025-11-08 16:05:01,873 - __main__ - INFO - 最佳模型: λ=1, 验证集R²=0.9678
2025-11-08 16:05:02,706 - __main__ - INFO - λ值对比分析图表已保存至: product_sales_data/plots/sales_lambda_comparison.png
2025-11-08 16:05:02,706 - __main__ - INFO - 绘图数据已保存至: product_sales_data/plots/lambda_comparison_data.json
2025-11-08 16:05:03,372 - __main__ - INFO - 特征重要性分析图表已保存至: product_sales_data/plots/sales_feature_importance.png
2025-11-08 16:05:03,372 - __main__ - INFO - 绘图数据已保存至: product_sales_data/feature_analysis/sales_feature_importance_data.json
2025-11-08 16:05:03,373 - __main__ - INFO - 测试集评估结果:
2025-11-08 16:05:03,373 - __main__ - INFO - MSE: 127.9209
2025-11-08 16:05:03,373 - __main__ - INFO - RMSE: 11.3102
2025-11-08 16:05:03,373 - __main__ - INFO - R²: 0.9872
2025-11-08 16:05:04,050 - __main__ - INFO - 预测结果图表已保存至: product_sales_data/plots/sales_predictions.png
2025-11-08 16:05:04,050 - __main__ - INFO - 绘图数据已保存至: product_sales_data/evaluation_data/sales_prediction_results_data.json
2025-11-08 16:05:04,051 - __main__ - INFO - 绘图数据已保存至: product_sales_data/training_data/sales_model_training_data.json
2025-11-08 16:05:04,051 - __main__ - INFO - ============================================================
2025-11-08 16:05:04,051 - __main__ - INFO - 业务分析和运营建议
2025-11-08 16:05:04,051 - __main__ - INFO - ============================================================
2025-11-08 16:05:04,051 - __main__ - INFO - 各特征对销量的影响分析:
2025-11-08 16:05:04,051 - __main__ - INFO - • price: 权重=-0.0710, 价格每上涨1元，销量减少.0f
2025-11-08 16:05:04,051 - __main__ - INFO - • promotion: 权重=30.9562, 促销期间销量相比不促销.0f
2025-11-08 16:05:04,051 - __main__ - INFO - • ad_spend: 权重=0.0684, 广告投入每增加1元，销量.0f
2025-11-08 16:05:04,051 - __main__ - INFO - • user_rating: 权重=8.3724, 用户评分每提高0.1分，销量.0f
2025-11-08 16:05:04,051 - __main__ - INFO - • holiday: 权重=38.0508, 节假日销量相比工作日.0f
2025-11-08 16:05:04,051 - __main__ - INFO - • month: 权重=-4.4902, 月份增加1个月，销量.0f
2025-11-08 16:05:04,051 - __main__ - INFO - • weekday: 权重=-1.2190, 星期数增加1天，销量.0f
2025-11-08 16:05:04,051 - __main__ - INFO - 
运营策略建议:
2025-11-08 16:05:04,051 - __main__ - INFO - • 建议增加促销活动频率，促销对销量有显著正向影响
2025-11-08 16:05:04,051 - __main__ - INFO - • 增加广告投入可以有效提升销量，建议优化广告策略
2025-11-08 16:05:04,051 - __main__ - INFO - • 建议适度调整价格策略，当前价格对销量有负向影响
2025-11-08 16:05:04,051 - __main__ - INFO - • 节假日销量更高，建议在节假日加大促销和广告投入
2025-11-08 16:05:04,051 - __main__ - INFO - • 提升产品品质和服务可以提高销量，建议关注用户评价
2025-11-08 16:05:04,051 - __main__ - INFO - 
最佳正则化参数: λ=1
2025-11-08 16:05:04,051 - __main__ - INFO - 该参数在防止过拟合和保持模型性能之间取得了最佳平衡
2025-11-08 16:05:04,051 - __main__ - INFO - ============================================================
2025-11-08 16:05:04,051 - __main__ - INFO - 电商产品销量预测系统运行完成
2025-11-08 16:05:04,051 - __main__ - INFO - ============================================================
2025-11-08 16:05:04,051 - __main__ - INFO - 模型性能指标:
2025-11-08 16:05:04,051 - __main__ - INFO - MSE: 127.9209
2025-11-08 16:05:04,051 - __main__ - INFO - RMSE: 11.3102
2025-11-08 16:05:04,051 - __main__ - INFO - R²: 0.9872
2025-11-10 15:27:59,700 - __main__ - INFO - 开始运行电商产品销量预测系统
2025-11-10 15:27:59,700 - __main__ - INFO - 创建目录: product_sales_data
2025-11-10 15:27:59,700 - __main__ - INFO - 创建目录: product_sales_data/plots
2025-11-10 15:27:59,700 - __main__ - INFO - 创建目录: product_sales_data/training_data
2025-11-10 15:27:59,700 - __main__ - INFO - 创建目录: product_sales_data/evaluation_data
2025-11-10 15:27:59,700 - __main__ - INFO - 创建目录: product_sales_data/feature_analysis
2025-11-10 15:27:59,700 - __main__ - INFO - 销量预测器初始化完成
2025-11-10 15:27:59,706 - __main__ - INFO - 成功加载数据，样本数量: 56
2025-11-10 15:27:59,706 - __main__ - INFO - 开始数据预处理...
2025-11-10 15:27:59,710 - __main__ - INFO - 时间特征提取完成：月份和星期特征
2025-11-10 15:27:59,713 - __main__ - INFO - 数据预处理完成
2025-11-10 15:27:59,713 - __main__ - INFO - 训练集大小: 38, 验证集大小: 9, 测试集大小: 9
2025-11-10 15:27:59,713 - __main__ - INFO - 时间特征提取完成：月份和星期特征
2025-11-10 15:28:00,367 - __main__ - INFO - 相关性分析图表已保存至: product_sales_data/plots/sales_correlation_analysis.png
2025-11-10 15:28:00,368 - __main__ - INFO - 特征相关性分析:
2025-11-10 15:28:00,368 - __main__ - INFO - ad_spend: 正相关 (强相关), 相关系数=0.969
2025-11-10 15:28:00,368 - __main__ - INFO - promotion: 正相关 (强相关), 相关系数=0.925
2025-11-10 15:28:00,368 - __main__ - INFO - price: 负相关 (强相关), 相关系数=-0.849
2025-11-10 15:28:00,368 - __main__ - INFO - holiday: 正相关 (强相关), 相关系数=0.623
2025-11-10 15:28:00,368 - __main__ - INFO - user_rating: 正相关 (强相关), 相关系数=0.586
2025-11-10 15:28:00,368 - __main__ - INFO - weekday: 负相关 (弱相关), 相关系数=-0.018
2025-11-10 15:28:00,368 - __main__ - INFO - month: 正相关 (弱相关), 相关系数=0.004
2025-11-10 15:28:00,368 - __main__ - INFO - 开始训练Ridge回归模型，不同λ值对比...
2025-11-10 15:28:00,371 - __main__ - INFO - λ=0.01: 验证集R²=0.9543, RMSE=13.0639
2025-11-10 15:28:00,372 - __main__ - INFO - λ=0.1: 验证集R²=0.9629, RMSE=11.7662
2025-11-10 15:28:00,372 - __main__ - INFO - λ=1: 验证集R²=0.9678, RMSE=10.9721
2025-11-10 15:28:00,372 - __main__ - INFO - λ=10: 验证集R²=0.9393, RMSE=15.0562
2025-11-10 15:28:00,373 - __main__ - INFO - λ=100: 验证集R²=0.9269, RMSE=16.5290
2025-11-10 15:28:00,373 - __main__ - INFO - 最佳模型: λ=1, 验证集R²=0.9678
2025-11-10 15:28:01,155 - __main__ - INFO - λ值对比分析图表已保存至: product_sales_data/plots/sales_lambda_comparison.png
2025-11-10 15:28:01,155 - __main__ - INFO - 绘图数据已保存至: product_sales_data/plots/lambda_comparison_data.json
2025-11-10 15:28:01,812 - __main__ - INFO - 特征重要性分析图表已保存至: product_sales_data/plots/sales_feature_importance.png
2025-11-10 15:28:01,812 - __main__ - INFO - 绘图数据已保存至: product_sales_data/feature_analysis/sales_feature_importance_data.json
2025-11-10 15:28:01,813 - __main__ - INFO - 测试集评估结果:
2025-11-10 15:28:01,813 - __main__ - INFO - MSE: 127.9209
2025-11-10 15:28:01,813 - __main__ - INFO - RMSE: 11.3102
2025-11-10 15:28:01,813 - __main__ - INFO - R²: 0.9872
2025-11-10 15:28:02,488 - __main__ - INFO - 预测结果图表已保存至: product_sales_data/plots/sales_predictions.png
2025-11-10 15:28:02,488 - __main__ - INFO - 绘图数据已保存至: product_sales_data/evaluation_data/sales_prediction_results_data.json
2025-11-10 15:28:02,488 - __main__ - INFO - 绘图数据已保存至: product_sales_data/training_data/sales_model_training_data.json
2025-11-10 15:28:02,488 - __main__ - INFO - ============================================================
2025-11-10 15:28:02,488 - __main__ - INFO - 业务分析和运营建议
2025-11-10 15:28:02,488 - __main__ - INFO - ============================================================
2025-11-10 15:28:02,488 - __main__ - INFO - 各特征对销量的影响分析:
2025-11-10 15:28:02,488 - __main__ - INFO - • price: 权重=-0.0710, 价格每上涨1元，销量减少0件
2025-11-10 15:28:02,489 - __main__ - INFO - • promotion: 权重=30.9562, 促销期间销量相比不促销增加31件
2025-11-10 15:28:02,489 - __main__ - INFO - • ad_spend: 权重=0.0684, 广告投入每增加1元，销量增加0件
2025-11-10 15:28:02,489 - __main__ - INFO - • user_rating: 权重=8.3724, 用户评分每提高0.1分，销量增加8件
2025-11-10 15:28:02,489 - __main__ - INFO - • holiday: 权重=38.0508, 节假日销量相比工作日增加38件
2025-11-10 15:28:02,489 - __main__ - INFO - • month: 权重=-4.4902, 月份增加1个月，销量减少4件
2025-11-10 15:28:02,489 - __main__ - INFO - • weekday: 权重=-1.2190, 星期数增加1天，销量减少1件
2025-11-10 15:28:02,489 - __main__ - INFO - 
运营策略建议:
2025-11-10 15:28:02,489 - __main__ - INFO - • 建议增加促销活动频率，促销对销量有显著正向影响
2025-11-10 15:28:02,489 - __main__ - INFO - • 增加广告投入可以有效提升销量，建议优化广告策略
2025-11-10 15:28:02,489 - __main__ - INFO - • 建议适度调整价格策略，当前价格对销量有负向影响
2025-11-10 15:28:02,489 - __main__ - INFO - • 节假日销量更高，建议在节假日加大促销和广告投入
2025-11-10 15:28:02,489 - __main__ - INFO - • 提升产品品质和服务可以提高销量，建议关注用户评价
2025-11-10 15:28:02,489 - __main__ - INFO - 
最佳正则化参数: λ=1
2025-11-10 15:28:02,489 - __main__ - INFO - 该参数在防止过拟合和保持模型性能之间取得了最佳平衡
2025-11-10 15:28:02,489 - __main__ - INFO - ============================================================
2025-11-10 15:28:02,489 - __main__ - INFO - 电商产品销量预测系统运行完成
2025-11-10 15:28:02,489 - __main__ - INFO - ============================================================
2025-11-10 15:28:02,489 - __main__ - INFO - 模型性能指标:
2025-11-10 15:28:02,489 - __main__ - INFO - MSE: 127.9209
2025-11-10 15:28:02,489 - __main__ - INFO - RMSE: 11.3102
2025-11-10 15:28:02,489 - __main__ - INFO - R²: 0.9872
2025-11-10 15:29:37,324 - __main__ - INFO - 开始运行电商产品销量预测系统
2025-11-10 15:29:37,324 - __main__ - INFO - 创建目录: product_sales_data
2025-11-10 15:29:37,324 - __main__ - INFO - 创建目录: product_sales_data/plots
2025-11-10 15:29:37,324 - __main__ - INFO - 创建目录: product_sales_data/training_data
2025-11-10 15:29:37,324 - __main__ - INFO - 创建目录: product_sales_data/evaluation_data
2025-11-10 15:29:37,324 - __main__ - INFO - 创建目录: product_sales_data/feature_analysis
2025-11-10 15:29:37,324 - __main__ - INFO - 销量预测器初始化完成
2025-11-10 15:29:37,328 - __main__ - INFO - 成功加载数据，样本数量: 56
2025-11-10 15:29:37,329 - __main__ - INFO - 开始数据预处理...
2025-11-10 15:29:37,331 - __main__ - INFO - 时间特征提取完成：月份和星期特征
2025-11-10 15:29:37,333 - __main__ - INFO - 数据预处理完成
2025-11-10 15:29:37,333 - __main__ - INFO - 训练集大小: 38, 验证集大小: 9, 测试集大小: 9
2025-11-10 15:29:37,333 - __main__ - INFO - 时间特征提取完成：月份和星期特征
2025-11-10 15:29:37,981 - __main__ - INFO - 相关性分析图表已保存至: product_sales_data/plots/sales_correlation_analysis.png
2025-11-10 15:29:37,981 - __main__ - INFO - 特征相关性分析:
2025-11-10 15:29:37,982 - __main__ - INFO - ad_spend: 正相关 (强相关), 相关系数=0.969
2025-11-10 15:29:37,982 - __main__ - INFO - promotion: 正相关 (强相关), 相关系数=0.925
2025-11-10 15:29:37,982 - __main__ - INFO - price: 负相关 (强相关), 相关系数=-0.849
2025-11-10 15:29:37,982 - __main__ - INFO - holiday: 正相关 (强相关), 相关系数=0.623
2025-11-10 15:29:37,982 - __main__ - INFO - user_rating: 正相关 (强相关), 相关系数=0.586
2025-11-10 15:29:37,982 - __main__ - INFO - weekday: 负相关 (弱相关), 相关系数=-0.018
2025-11-10 15:29:37,982 - __main__ - INFO - month: 正相关 (弱相关), 相关系数=0.004
2025-11-10 15:29:37,982 - __main__ - INFO - 开始训练Ridge回归模型，不同λ值对比...
2025-11-10 15:29:37,983 - __main__ - INFO - λ=0.01: 验证集R²=0.9543, RMSE=13.0639
2025-11-10 15:29:37,983 - __main__ - INFO - λ=0.1: 验证集R²=0.9629, RMSE=11.7662
2025-11-10 15:29:37,984 - __main__ - INFO - λ=1: 验证集R²=0.9678, RMSE=10.9721
2025-11-10 15:29:37,984 - __main__ - INFO - λ=10: 验证集R²=0.9393, RMSE=15.0562
2025-11-10 15:29:37,984 - __main__ - INFO - λ=100: 验证集R²=0.9269, RMSE=16.5290
2025-11-10 15:29:37,984 - __main__ - INFO - 最佳模型: λ=1, 验证集R²=0.9678
2025-11-10 15:29:38,795 - __main__ - INFO - λ值对比分析图表已保存至: product_sales_data/plots/sales_lambda_comparison.png
2025-11-10 15:29:38,795 - __main__ - INFO - 绘图数据已保存至: product_sales_data/plots/lambda_comparison_data.json
2025-11-10 15:29:39,480 - __main__ - INFO - 特征重要性分析图表已保存至: product_sales_data/plots/sales_feature_importance.png
2025-11-10 15:29:39,480 - __main__ - INFO - 绘图数据已保存至: product_sales_data/feature_analysis/sales_feature_importance_data.json
2025-11-10 15:29:39,481 - __main__ - INFO - 测试集评估结果:
2025-11-10 15:29:39,481 - __main__ - INFO - MSE: 127.9209
2025-11-10 15:29:39,481 - __main__ - INFO - RMSE: 11.3102
2025-11-10 15:29:39,481 - __main__ - INFO - R²: 0.9872
2025-11-10 15:29:40,180 - __main__ - INFO - 预测结果图表已保存至: product_sales_data/plots/sales_predictions.png
2025-11-10 15:29:40,181 - __main__ - INFO - 绘图数据已保存至: product_sales_data/evaluation_data/sales_prediction_results_data.json
2025-11-10 15:29:40,181 - __main__ - INFO - 绘图数据已保存至: product_sales_data/training_data/sales_model_training_data.json
2025-11-10 15:29:40,181 - __main__ - INFO - ============================================================
2025-11-10 15:29:40,181 - __main__ - INFO - 业务分析和运营建议
2025-11-10 15:29:40,181 - __main__ - INFO - ============================================================
2025-11-10 15:29:40,181 - __main__ - INFO - 各特征对销量的影响分析:
2025-11-10 15:29:40,181 - __main__ - INFO - • price: 权重=-0.0710, 价格每上涨1元，销量减少0件
2025-11-10 15:29:40,181 - __main__ - INFO - • promotion: 权重=30.9562, 促销期间销量相比不促销增加31件
2025-11-10 15:29:40,181 - __main__ - INFO - • ad_spend: 权重=0.0684, 广告投入每增加1元，销量增加0件
2025-11-10 15:29:40,181 - __main__ - INFO - • user_rating: 权重=8.3724, 用户评分每提高0.1分，销量增加8件
2025-11-10 15:29:40,181 - __main__ - INFO - • holiday: 权重=38.0508, 节假日销量相比工作日增加38件
2025-11-10 15:29:40,181 - __main__ - INFO - • month: 权重=-4.4902, 月份增加1个月，销量减少4件
2025-11-10 15:29:40,181 - __main__ - INFO - • weekday: 权重=-1.2190, 星期数增加1天，销量减少1件
2025-11-10 15:29:40,181 - __main__ - INFO - 
运营策略建议:
2025-11-10 15:29:40,181 - __main__ - INFO - • 建议增加促销活动频率，促销对销量有显著正向影响
2025-11-10 15:29:40,181 - __main__ - INFO - • 增加广告投入可以有效提升销量，建议优化广告策略
2025-11-10 15:29:40,181 - __main__ - INFO - • 建议适度调整价格策略，当前价格对销量有负向影响
2025-11-10 15:29:40,181 - __main__ - INFO - • 节假日销量更高，建议在节假日加大促销和广告投入
2025-11-10 15:29:40,181 - __main__ - INFO - • 提升产品品质和服务可以提高销量，建议关注用户评价
2025-11-10 15:29:40,181 - __main__ - INFO - 
最佳正则化参数: λ=1
2025-11-10 15:29:40,181 - __main__ - INFO - 该参数在防止过拟合和保持模型性能之间取得了最佳平衡
2025-11-10 15:29:40,181 - __main__ - INFO - ============================================================
2025-11-10 15:29:40,181 - __main__ - INFO - 电商产品销量预测系统运行完成
2025-11-10 15:29:40,181 - __main__ - INFO - ============================================================
2025-11-10 15:29:40,181 - __main__ - INFO - 模型性能指标:
2025-11-10 15:29:40,181 - __main__ - INFO - MSE: 127.9209
2025-11-10 15:29:40,181 - __main__ - INFO - RMSE: 11.3102
2025-11-10 15:29:40,181 - __main__ - INFO - R²: 0.9872
2025-11-10 15:30:31,159 - __main__ - INFO - 开始运行电商产品销量预测系统
2025-11-10 15:30:31,159 - __main__ - INFO - 创建目录: product_sales_data
2025-11-10 15:30:31,159 - __main__ - INFO - 创建目录: product_sales_data/plots
2025-11-10 15:30:31,159 - __main__ - INFO - 创建目录: product_sales_data/training_data
2025-11-10 15:30:31,160 - __main__ - INFO - 创建目录: product_sales_data/evaluation_data
2025-11-10 15:30:31,160 - __main__ - INFO - 创建目录: product_sales_data/feature_analysis
2025-11-10 15:30:31,160 - __main__ - INFO - 销量预测器初始化完成
2025-11-10 15:30:31,165 - __main__ - INFO - 成功加载数据，样本数量: 56
2025-11-10 15:30:31,165 - __main__ - INFO - 开始数据预处理...
2025-11-10 15:30:31,169 - __main__ - INFO - 时间特征提取完成：月份和星期特征
2025-11-10 15:30:31,171 - __main__ - INFO - 数据预处理完成
2025-11-10 15:30:31,171 - __main__ - INFO - 训练集大小: 38, 验证集大小: 9, 测试集大小: 9
2025-11-10 15:30:31,171 - __main__ - INFO - 时间特征提取完成：月份和星期特征
2025-11-10 15:30:31,776 - __main__ - INFO - 相关性分析图表已保存至: product_sales_data/plots/sales_correlation_analysis.png
2025-11-10 15:30:31,776 - __main__ - INFO - 特征相关性分析:
2025-11-10 15:30:31,776 - __main__ - INFO - ad_spend: 正相关 (强相关), 相关系数=0.969
2025-11-10 15:30:31,776 - __main__ - INFO - promotion: 正相关 (强相关), 相关系数=0.925
2025-11-10 15:30:31,776 - __main__ - INFO - price: 负相关 (强相关), 相关系数=-0.849
2025-11-10 15:30:31,777 - __main__ - INFO - holiday: 正相关 (强相关), 相关系数=0.623
2025-11-10 15:30:31,777 - __main__ - INFO - user_rating: 正相关 (强相关), 相关系数=0.586
2025-11-10 15:30:31,777 - __main__ - INFO - weekday: 负相关 (弱相关), 相关系数=-0.018
2025-11-10 15:30:31,777 - __main__ - INFO - month: 正相关 (弱相关), 相关系数=0.004
2025-11-10 15:30:31,777 - __main__ - INFO - 开始训练Ridge回归模型，不同λ值对比...
2025-11-10 15:30:31,777 - __main__ - INFO - λ=0.01: 验证集R²=0.9543, RMSE=13.0639
2025-11-10 15:30:31,778 - __main__ - INFO - λ=0.1: 验证集R²=0.9629, RMSE=11.7662
2025-11-10 15:30:31,778 - __main__ - INFO - λ=1: 验证集R²=0.9678, RMSE=10.9721
2025-11-10 15:30:31,779 - __main__ - INFO - λ=10: 验证集R²=0.9393, RMSE=15.0562
2025-11-10 15:30:31,779 - __main__ - INFO - λ=100: 验证集R²=0.9269, RMSE=16.5290
2025-11-10 15:30:31,779 - __main__ - INFO - 最佳模型: λ=1, 验证集R²=0.9678
2025-11-10 15:30:32,558 - __main__ - INFO - λ值对比分析图表已保存至: product_sales_data/plots/sales_lambda_comparison.png
2025-11-10 15:30:32,558 - __main__ - INFO - 绘图数据已保存至: product_sales_data/plots/lambda_comparison_data.json
2025-11-10 15:30:33,221 - __main__ - INFO - 特征重要性分析图表已保存至: product_sales_data/plots/sales_feature_importance.png
2025-11-10 15:30:33,221 - __main__ - INFO - 绘图数据已保存至: product_sales_data/feature_analysis/sales_feature_importance_data.json
2025-11-10 15:30:33,222 - __main__ - INFO - 测试集评估结果:
2025-11-10 15:30:33,222 - __main__ - INFO - MSE: 127.9209
2025-11-10 15:30:33,222 - __main__ - INFO - RMSE: 11.3102
2025-11-10 15:30:33,222 - __main__ - INFO - R²: 0.9872
2025-11-10 15:30:33,912 - __main__ - INFO - 预测结果图表已保存至: product_sales_data/plots/sales_predictions.png
2025-11-10 15:30:33,912 - __main__ - INFO - 绘图数据已保存至: product_sales_data/evaluation_data/sales_prediction_results_data.json
2025-11-10 15:30:33,912 - __main__ - INFO - 绘图数据已保存至: product_sales_data/training_data/sales_model_training_data.json
2025-11-10 15:30:33,912 - __main__ - INFO - ============================================================
2025-11-10 15:30:33,912 - __main__ - INFO - 业务分析和运营建议
2025-11-10 15:30:33,912 - __main__ - INFO - ============================================================
2025-11-10 15:30:33,912 - __main__ - INFO - 各特征对销量的影响分析:
2025-11-10 15:30:33,912 - __main__ - INFO - • price: 权重=-0.0710, 价格每上涨1元，销量减少0件
2025-11-10 15:30:33,912 - __main__ - INFO - • promotion: 权重=30.9562, 促销期间销量相比不促销增加31件
2025-11-10 15:30:33,912 - __main__ - INFO - • ad_spend: 权重=0.0684, 广告投入每增加1元，销量增加0件
2025-11-10 15:30:33,912 - __main__ - INFO - • user_rating: 权重=8.3724, 用户评分每提高0.1分，销量增加8件
2025-11-10 15:30:33,912 - __main__ - INFO - • holiday: 权重=38.0508, 节假日销量相比工作日增加38件
2025-11-10 15:30:33,912 - __main__ - INFO - • month: 权重=-4.4902, 月份增加1个月，销量减少4件
2025-11-10 15:30:33,912 - __main__ - INFO - • weekday: 权重=-1.2190, 星期数增加1天，销量减少1件
2025-11-10 15:30:33,913 - __main__ - INFO - 
运营策略建议:
2025-11-10 15:30:33,913 - __main__ - INFO - • 建议增加促销活动频率，促销对销量有显著正向影响
2025-11-10 15:30:33,913 - __main__ - INFO - • 增加广告投入可以有效提升销量，建议优化广告策略
2025-11-10 15:30:33,913 - __main__ - INFO - • 建议适度调整价格策略，当前价格对销量有负向影响
2025-11-10 15:30:33,913 - __main__ - INFO - • 节假日销量更高，建议在节假日加大促销和广告投入
2025-11-10 15:30:33,913 - __main__ - INFO - • 提升产品品质和服务可以提高销量，建议关注用户评价
2025-11-10 15:30:33,913 - __main__ - INFO - 
最佳正则化参数: λ=1
2025-11-10 15:30:33,913 - __main__ - INFO - 该参数在防止过拟合和保持模型性能之间取得了最佳平衡
2025-11-10 15:30:33,913 - __main__ - INFO - ============================================================
2025-11-10 15:30:33,913 - __main__ - INFO - 电商产品销量预测系统运行完成
2025-11-10 15:30:33,913 - __main__ - INFO - ============================================================
2025-11-10 15:30:33,913 - __main__ - INFO - 模型性能指标:
2025-11-10 15:30:33,913 - __main__ - INFO - MSE: 127.9209
2025-11-10 15:30:33,913 - __main__ - INFO - RMSE: 11.3102
2025-11-10 15:30:33,913 - __main__ - INFO - R²: 0.9872
2025-11-10 15:30:41,215 - __main__ - INFO - 开始运行电商产品销量预测系统
2025-11-10 15:30:41,215 - __main__ - INFO - 创建目录: product_sales_data
2025-11-10 15:30:41,215 - __main__ - INFO - 创建目录: product_sales_data/plots
2025-11-10 15:30:41,215 - __main__ - INFO - 创建目录: product_sales_data/training_data
2025-11-10 15:30:41,215 - __main__ - INFO - 创建目录: product_sales_data/evaluation_data
2025-11-10 15:30:41,215 - __main__ - INFO - 创建目录: product_sales_data/feature_analysis
2025-11-10 15:30:41,215 - __main__ - INFO - 销量预测器初始化完成
2025-11-10 15:30:41,217 - __main__ - INFO - 成功加载数据，样本数量: 56
2025-11-10 15:30:41,217 - __main__ - INFO - 开始数据预处理...
2025-11-10 15:30:41,219 - __main__ - INFO - 时间特征提取完成：月份和星期特征
2025-11-10 15:30:41,219 - __main__ - INFO - 数据预处理完成
2025-11-10 15:30:41,219 - __main__ - INFO - 训练集大小: 38, 验证集大小: 9, 测试集大小: 9
2025-11-10 15:30:41,220 - __main__ - INFO - 时间特征提取完成：月份和星期特征
2025-11-10 15:30:41,784 - __main__ - INFO - 相关性分析图表已保存至: product_sales_data/plots/sales_correlation_analysis.png
2025-11-10 15:30:41,784 - __main__ - INFO - 特征相关性分析:
2025-11-10 15:30:41,784 - __main__ - INFO - ad_spend: 正相关 (强相关), 相关系数=0.969
2025-11-10 15:30:41,784 - __main__ - INFO - promotion: 正相关 (强相关), 相关系数=0.925
2025-11-10 15:30:41,784 - __main__ - INFO - price: 负相关 (强相关), 相关系数=-0.849
2025-11-10 15:30:41,784 - __main__ - INFO - holiday: 正相关 (强相关), 相关系数=0.623
2025-11-10 15:30:41,784 - __main__ - INFO - user_rating: 正相关 (强相关), 相关系数=0.586
2025-11-10 15:30:41,784 - __main__ - INFO - weekday: 负相关 (弱相关), 相关系数=-0.018
2025-11-10 15:30:41,784 - __main__ - INFO - month: 正相关 (弱相关), 相关系数=0.004
2025-11-10 15:30:41,784 - __main__ - INFO - 开始训练Ridge回归模型，不同λ值对比...
2025-11-10 15:30:41,785 - __main__ - INFO - λ=0.01: 验证集R²=0.9543, RMSE=13.0639
2025-11-10 15:30:41,786 - __main__ - INFO - λ=0.1: 验证集R²=0.9629, RMSE=11.7662
2025-11-10 15:30:41,786 - __main__ - INFO - λ=1: 验证集R²=0.9678, RMSE=10.9721
2025-11-10 15:30:41,786 - __main__ - INFO - λ=10: 验证集R²=0.9393, RMSE=15.0562
2025-11-10 15:30:41,787 - __main__ - INFO - λ=100: 验证集R²=0.9269, RMSE=16.5290
2025-11-10 15:30:41,787 - __main__ - INFO - 最佳模型: λ=1, 验证集R²=0.9678
2025-11-10 15:30:42,558 - __main__ - INFO - λ值对比分析图表已保存至: product_sales_data/plots/sales_lambda_comparison.png
2025-11-10 15:30:42,558 - __main__ - INFO - 绘图数据已保存至: product_sales_data/plots/lambda_comparison_data.json
2025-11-10 15:30:43,216 - __main__ - INFO - 特征重要性分析图表已保存至: product_sales_data/plots/sales_feature_importance.png
2025-11-10 15:30:43,216 - __main__ - INFO - 绘图数据已保存至: product_sales_data/feature_analysis/sales_feature_importance_data.json
2025-11-10 15:30:43,216 - __main__ - INFO - 测试集评估结果:
2025-11-10 15:30:43,216 - __main__ - INFO - MSE: 127.9209
2025-11-10 15:30:43,216 - __main__ - INFO - RMSE: 11.3102
2025-11-10 15:30:43,217 - __main__ - INFO - R²: 0.9872
2025-11-10 15:30:43,890 - __main__ - INFO - 预测结果图表已保存至: product_sales_data/plots/sales_predictions.png
2025-11-10 15:30:43,890 - __main__ - INFO - 绘图数据已保存至: product_sales_data/evaluation_data/sales_prediction_results_data.json
2025-11-10 15:30:43,891 - __main__ - INFO - 绘图数据已保存至: product_sales_data/training_data/sales_model_training_data.json
2025-11-10 15:30:43,891 - __main__ - INFO - ============================================================
2025-11-10 15:30:43,891 - __main__ - INFO - 业务分析和运营建议
2025-11-10 15:30:43,891 - __main__ - INFO - ============================================================
2025-11-10 15:30:43,891 - __main__ - INFO - 各特征对销量的影响分析:
2025-11-10 15:30:43,891 - __main__ - INFO - • price: 权重=-0.0710, 价格每上涨1元，销量减少0件
2025-11-10 15:30:43,891 - __main__ - INFO - • promotion: 权重=30.9562, 促销期间销量相比不促销增加31件
2025-11-10 15:30:43,891 - __main__ - INFO - • ad_spend: 权重=0.0684, 广告投入每增加1元，销量增加0件
2025-11-10 15:30:43,891 - __main__ - INFO - • user_rating: 权重=8.3724, 用户评分每提高0.1分，销量增加8件
2025-11-10 15:30:43,891 - __main__ - INFO - • holiday: 权重=38.0508, 节假日销量相比工作日增加38件
2025-11-10 15:30:43,891 - __main__ - INFO - • month: 权重=-4.4902, 月份增加1个月，销量减少4件
2025-11-10 15:30:43,891 - __main__ - INFO - • weekday: 权重=-1.2190, 星期数增加1天，销量减少1件
2025-11-10 15:30:43,891 - __main__ - INFO - 
运营策略建议:
2025-11-10 15:30:43,891 - __main__ - INFO - • 建议增加促销活动频率，促销对销量有显著正向影响
2025-11-10 15:30:43,891 - __main__ - INFO - • 增加广告投入可以有效提升销量，建议优化广告策略
2025-11-10 15:30:43,891 - __main__ - INFO - • 建议适度调整价格策略，当前价格对销量有负向影响
2025-11-10 15:30:43,891 - __main__ - INFO - • 节假日销量更高，建议在节假日加大促销和广告投入
2025-11-10 15:30:43,891 - __main__ - INFO - • 提升产品品质和服务可以提高销量，建议关注用户评价
2025-11-10 15:30:43,891 - __main__ - INFO - 
最佳正则化参数: λ=1
2025-11-10 15:30:43,891 - __main__ - INFO - 该参数在防止过拟合和保持模型性能之间取得了最佳平衡
2025-11-10 15:30:43,891 - __main__ - INFO - ============================================================
2025-11-10 15:30:43,891 - __main__ - INFO - 电商产品销量预测系统运行完成
2025-11-10 15:30:43,891 - __main__ - INFO - ============================================================
2025-11-10 15:30:43,891 - __main__ - INFO - 模型性能指标:
2025-11-10 15:30:43,891 - __main__ - INFO - MSE: 127.9209
2025-11-10 15:30:43,891 - __main__ - INFO - RMSE: 11.3102
2025-11-10 15:30:43,891 - __main__ - INFO - R²: 0.9872
2025-11-10 15:31:36,404 - __main__ - INFO - 开始运行电商产品销量预测系统
2025-11-10 15:31:36,405 - __main__ - INFO - 创建目录: product_sales_data
2025-11-10 15:31:36,405 - __main__ - INFO - 创建目录: product_sales_data/plots
2025-11-10 15:31:36,405 - __main__ - INFO - 创建目录: product_sales_data/training_data
2025-11-10 15:31:36,405 - __main__ - INFO - 创建目录: product_sales_data/evaluation_data
2025-11-10 15:31:36,405 - __main__ - INFO - 创建目录: product_sales_data/feature_analysis
2025-11-10 15:31:36,405 - __main__ - INFO - 销量预测器初始化完成
2025-11-10 15:31:36,410 - __main__ - INFO - 成功加载数据，样本数量: 56
2025-11-10 15:31:36,410 - __main__ - INFO - 开始数据预处理...
2025-11-10 15:31:36,413 - __main__ - INFO - 时间特征提取完成：月份和星期特征
2025-11-10 15:31:36,416 - __main__ - INFO - 数据预处理完成
2025-11-10 15:31:36,416 - __main__ - INFO - 训练集大小: 38, 验证集大小: 9, 测试集大小: 9
2025-11-10 15:31:36,416 - __main__ - INFO - 时间特征提取完成：月份和星期特征
2025-11-10 15:31:37,031 - __main__ - INFO - 相关性分析图表已保存至: product_sales_data/plots/sales_correlation_analysis.png
2025-11-10 15:31:37,032 - __main__ - INFO - 特征相关性分析:
2025-11-10 15:31:37,032 - __main__ - INFO - ad_spend: 正相关 (强相关), 相关系数=0.969
2025-11-10 15:31:37,032 - __main__ - INFO - promotion: 正相关 (强相关), 相关系数=0.925
2025-11-10 15:31:37,032 - __main__ - INFO - price: 负相关 (强相关), 相关系数=-0.849
2025-11-10 15:31:37,032 - __main__ - INFO - holiday: 正相关 (强相关), 相关系数=0.623
2025-11-10 15:31:37,032 - __main__ - INFO - user_rating: 正相关 (强相关), 相关系数=0.586
2025-11-10 15:31:37,032 - __main__ - INFO - weekday: 负相关 (弱相关), 相关系数=-0.018
2025-11-10 15:31:37,032 - __main__ - INFO - month: 正相关 (弱相关), 相关系数=0.004
2025-11-10 15:31:37,032 - __main__ - INFO - 开始训练Ridge回归模型，不同λ值对比...
2025-11-10 15:31:37,033 - __main__ - INFO - λ=0.01: 验证集R²=0.9543, RMSE=13.0639
2025-11-10 15:31:37,033 - __main__ - INFO - λ=0.1: 验证集R²=0.9629, RMSE=11.7662
2025-11-10 15:31:37,034 - __main__ - INFO - λ=1: 验证集R²=0.9678, RMSE=10.9721
2025-11-10 15:31:37,034 - __main__ - INFO - λ=10: 验证集R²=0.9393, RMSE=15.0562
2025-11-10 15:31:37,034 - __main__ - INFO - λ=100: 验证集R²=0.9269, RMSE=16.5290
2025-11-10 15:31:37,034 - __main__ - INFO - 最佳模型: λ=1, 验证集R²=0.9678
2025-11-10 15:31:37,835 - __main__ - INFO - λ值对比分析图表已保存至: product_sales_data/plots/sales_lambda_comparison.png
2025-11-10 15:31:37,835 - __main__ - INFO - 绘图数据已保存至: product_sales_data/plots/lambda_comparison_data.json
2025-11-10 15:31:38,513 - __main__ - INFO - 特征重要性分析图表已保存至: product_sales_data/plots/sales_feature_importance.png
2025-11-10 15:31:38,513 - __main__ - INFO - 绘图数据已保存至: product_sales_data/feature_analysis/sales_feature_importance_data.json
2025-11-10 15:31:38,513 - __main__ - INFO - 测试集评估结果:
2025-11-10 15:31:38,514 - __main__ - INFO - MSE: 127.9209
2025-11-10 15:31:38,514 - __main__ - INFO - RMSE: 11.3102
2025-11-10 15:31:38,514 - __main__ - INFO - R²: 0.9872
2025-11-10 15:31:39,257 - __main__ - INFO - 预测结果图表已保存至: product_sales_data/plots/sales_predictions.png
2025-11-10 15:31:39,257 - __main__ - INFO - 绘图数据已保存至: product_sales_data/evaluation_data/sales_prediction_results_data.json
2025-11-10 15:31:39,257 - __main__ - INFO - 绘图数据已保存至: product_sales_data/training_data/sales_model_training_data.json
2025-11-10 15:31:39,257 - __main__ - INFO - ============================================================
2025-11-10 15:31:39,257 - __main__ - INFO - 业务分析和运营建议
2025-11-10 15:31:39,257 - __main__ - INFO - ============================================================
2025-11-10 15:31:39,257 - __main__ - INFO - 各特征对销量的影响分析:
2025-11-10 15:31:39,257 - __main__ - INFO - • price: 权重=-0.0710, 价格每上涨1元，销量减少0件
2025-11-10 15:31:39,257 - __main__ - INFO - • promotion: 权重=30.9562, 促销期间销量相比不促销增加31件
2025-11-10 15:31:39,257 - __main__ - INFO - • ad_spend: 权重=0.0684, 广告投入每增加1元，销量增加0件
2025-11-10 15:31:39,257 - __main__ - INFO - • user_rating: 权重=8.3724, 用户评分每提高0.1分，销量增加8件
2025-11-10 15:31:39,257 - __main__ - INFO - • holiday: 权重=38.0508, 节假日销量相比工作日增加38件
2025-11-10 15:31:39,257 - __main__ - INFO - • month: 权重=-4.4902, 月份增加1个月，销量减少4件
2025-11-10 15:31:39,257 - __main__ - INFO - • weekday: 权重=-1.2190, 星期数增加1天，销量减少1件
2025-11-10 15:31:39,257 - __main__ - INFO - 
运营策略建议:
2025-11-10 15:31:39,257 - __main__ - INFO - • 建议增加促销活动频率，促销对销量有显著正向影响
2025-11-10 15:31:39,257 - __main__ - INFO - • 增加广告投入可以有效提升销量，建议优化广告策略
2025-11-10 15:31:39,257 - __main__ - INFO - • 建议适度调整价格策略，当前价格对销量有负向影响
2025-11-10 15:31:39,257 - __main__ - INFO - • 节假日销量更高，建议在节假日加大促销和广告投入
2025-11-10 15:31:39,257 - __main__ - INFO - • 提升产品品质和服务可以提高销量，建议关注用户评价
2025-11-10 15:31:39,257 - __main__ - INFO - 
最佳正则化参数: λ=1
2025-11-10 15:31:39,257 - __main__ - INFO - 该参数在防止过拟合和保持模型性能之间取得了最佳平衡
2025-11-10 15:31:39,257 - __main__ - INFO - ============================================================
2025-11-10 15:31:39,257 - __main__ - INFO - 电商产品销量预测系统运行完成
2025-11-10 15:31:39,258 - __main__ - INFO - ============================================================
2025-11-10 15:31:39,258 - __main__ - INFO - 模型性能指标:
2025-11-10 15:31:39,258 - __main__ - INFO - MSE: 127.9209
2025-11-10 15:31:39,258 - __main__ - INFO - RMSE: 11.3102
2025-11-10 15:31:39,258 - __main__ - INFO - R²: 0.9872
